ERROR - 2024-02-08 19:53:11 --> mysqli_sql_exception: Le champ 'email_address' ne peut être vide (null) in C:\wamp64\www\KosherKare\system\Database\MySQLi\Connection.php:306
Stack trace:
#0 C:\wamp64\www\KosherKare\system\Database\MySQLi\Connection.php(306): mysqli->query('INSERT INTO `us...', 0)
#1 C:\wamp64\www\KosherKare\system\Database\BaseConnection.php(693): CodeIgniter\Database\MySQLi\Connection->execute('INSERT INTO `us...')
#2 C:\wamp64\www\KosherKare\system\Database\BaseConnection.php(607): CodeIgniter\Database\BaseConnection->simpleQuery('INSERT INTO `us...')
#3 C:\wamp64\www\KosherKare\system\Database\BaseBuilder.php(2307): CodeIgniter\Database\BaseConnection->query('INSERT INTO `us...', Array, false)
#4 C:\wamp64\www\KosherKare\system\Model.php(326): CodeIgniter\Database\BaseBuilder->insert()
#5 C:\wamp64\www\KosherKare\system\BaseModel.php(802): CodeIgniter\Model->doInsert(Array)
#6 C:\wamp64\www\KosherKare\system\Model.php(744): CodeIgniter\BaseModel->insert(Array, true)
#7 C:\wamp64\www\KosherKare\app\Controllers\user.php(50): CodeIgniter\Model->insert(Array)
#8 C:\wamp64\www\KosherKare\system\CodeIgniter.php(941): App\Controllers\user->registration()
#9 C:\wamp64\www\KosherKare\system\CodeIgniter.php(502): CodeIgniter\CodeIgniter->runController(Object(App\Controllers\user))
#10 C:\wamp64\www\KosherKare\system\CodeIgniter.php(361): CodeIgniter\CodeIgniter->handleRequest(NULL, Object(Config\Cache), false)
#11 C:\wamp64\www\KosherKare\public\index.php(79): CodeIgniter\CodeIgniter->run()
#12 C:\wamp64\www\KosherKare\system\Commands\Server\rewrite.php(47): require_once('C:\\wamp64\\www\\K...')
#13 {main}
CRITICAL - 2024-02-08 19:53:11 --> CodeIgniter\Database\Exceptions\DatabaseException: Le champ 'email_address' ne peut être vide (null)
in SYSTEMPATH\Database\BaseConnection.php on line 647.
 1 SYSTEMPATH\Database\BaseBuilder.php(2307): CodeIgniter\Database\BaseConnection->query('INSERT INTO `users` (`email_address`, `password`, `first_name`, `last_name`, `phone_number`, `created_at`, `updated_at`) VALUES (:email_address:, :password:, :first_name:, :last_name:, :phone_number:, :created_at:, :updated_at:)', [...], false)
 2 SYSTEMPATH\Model.php(326): CodeIgniter\Database\BaseBuilder->insert()
 3 SYSTEMPATH\BaseModel.php(802): CodeIgniter\Model->doInsert([...])
 4 SYSTEMPATH\Model.php(744): CodeIgniter\BaseModel->insert([...], true)
 5 APPPATH\Controllers\user.php(50): CodeIgniter\Model->insert([...])
 6 SYSTEMPATH\CodeIgniter.php(941): App\Controllers\user->registration()
 7 SYSTEMPATH\CodeIgniter.php(502): CodeIgniter\CodeIgniter->runController(Object(App\Controllers\user))
 8 SYSTEMPATH\CodeIgniter.php(361): CodeIgniter\CodeIgniter->handleRequest(null, Object(Config\Cache), false)
 9 FCPATH\index.php(79): CodeIgniter\CodeIgniter->run()
10 SYSTEMPATH\Commands\Server\rewrite.php(47): require_once('C:\\wamp64\\www\\KosherKare\\public\\index.php')
CRITICAL - 2024-02-08 19:53:11 --> [Caused by] CodeIgniter\Database\Exceptions\DatabaseException: Le champ 'email_address' ne peut être vide (null)
in SYSTEMPATH\Database\MySQLi\Connection.php on line 311.
 1 SYSTEMPATH\Database\BaseConnection.php(693): CodeIgniter\Database\MySQLi\Connection->execute('INSERT INTO `users` (`email_address`, `password`, `first_name`, `last_name`, `phone_number`, `created_at`, `updated_at`) VALUES (NULL, \'bjbf,\', NULL, NULL, NULL, \'2024-02-08 19:53:11\', \'2024-02-08 19:53:11\')')
 2 SYSTEMPATH\Database\BaseConnection.php(607): CodeIgniter\Database\BaseConnection->simpleQuery('INSERT INTO `users` (`email_address`, `password`, `first_name`, `last_name`, `phone_number`, `created_at`, `updated_at`) VALUES (NULL, \'bjbf,\', NULL, NULL, NULL, \'2024-02-08 19:53:11\', \'2024-02-08 19:53:11\')')
 3 SYSTEMPATH\Database\BaseBuilder.php(2307): CodeIgniter\Database\BaseConnection->query('INSERT INTO `users` (`email_address`, `password`, `first_name`, `last_name`, `phone_number`, `created_at`, `updated_at`) VALUES (:email_address:, :password:, :first_name:, :last_name:, :phone_number:, :created_at:, :updated_at:)', [...], false)
 4 SYSTEMPATH\Model.php(326): CodeIgniter\Database\BaseBuilder->insert()
 5 SYSTEMPATH\BaseModel.php(802): CodeIgniter\Model->doInsert([...])
 6 SYSTEMPATH\Model.php(744): CodeIgniter\BaseModel->insert([...], true)
 7 APPPATH\Controllers\user.php(50): CodeIgniter\Model->insert([...])
 8 SYSTEMPATH\CodeIgniter.php(941): App\Controllers\user->registration()
 9 SYSTEMPATH\CodeIgniter.php(502): CodeIgniter\CodeIgniter->runController(Object(App\Controllers\user))
10 SYSTEMPATH\CodeIgniter.php(361): CodeIgniter\CodeIgniter->handleRequest(null, Object(Config\Cache), false)
11 FCPATH\index.php(79): CodeIgniter\CodeIgniter->run()
12 SYSTEMPATH\Commands\Server\rewrite.php(47): require_once('C:\\wamp64\\www\\KosherKare\\public\\index.php')
CRITICAL - 2024-02-08 19:53:11 --> [Caused by] mysqli_sql_exception: Le champ 'email_address' ne peut être vide (null)
in SYSTEMPATH\Database\MySQLi\Connection.php on line 306.
 1 SYSTEMPATH\Database\MySQLi\Connection.php(306): mysqli->query('INSERT INTO `users` (`email_address`, `password`, `first_name`, `last_name`, `phone_number`, `created_at`, `updated_at`) VALUES (NULL, \'bjbf,\', NULL, NULL, NULL, \'2024-02-08 19:53:11\', \'2024-02-08 19:53:11\')', 0)
 2 SYSTEMPATH\Database\BaseConnection.php(693): CodeIgniter\Database\MySQLi\Connection->execute('INSERT INTO `users` (`email_address`, `password`, `first_name`, `last_name`, `phone_number`, `created_at`, `updated_at`) VALUES (NULL, \'bjbf,\', NULL, NULL, NULL, \'2024-02-08 19:53:11\', \'2024-02-08 19:53:11\')')
 3 SYSTEMPATH\Database\BaseConnection.php(607): CodeIgniter\Database\BaseConnection->simpleQuery('INSERT INTO `users` (`email_address`, `password`, `first_name`, `last_name`, `phone_number`, `created_at`, `updated_at`) VALUES (NULL, \'bjbf,\', NULL, NULL, NULL, \'2024-02-08 19:53:11\', \'2024-02-08 19:53:11\')')
 4 SYSTEMPATH\Database\BaseBuilder.php(2307): CodeIgniter\Database\BaseConnection->query('INSERT INTO `users` (`email_address`, `password`, `first_name`, `last_name`, `phone_number`, `created_at`, `updated_at`) VALUES (:email_address:, :password:, :first_name:, :last_name:, :phone_number:, :created_at:, :updated_at:)', [...], false)
 5 SYSTEMPATH\Model.php(326): CodeIgniter\Database\BaseBuilder->insert()
 6 SYSTEMPATH\BaseModel.php(802): CodeIgniter\Model->doInsert([...])
 7 SYSTEMPATH\Model.php(744): CodeIgniter\BaseModel->insert([...], true)
 8 APPPATH\Controllers\user.php(50): CodeIgniter\Model->insert([...])
 9 SYSTEMPATH\CodeIgniter.php(941): App\Controllers\user->registration()
10 SYSTEMPATH\CodeIgniter.php(502): CodeIgniter\CodeIgniter->runController(Object(App\Controllers\user))
11 SYSTEMPATH\CodeIgniter.php(361): CodeIgniter\CodeIgniter->handleRequest(null, Object(Config\Cache), false)
12 FCPATH\index.php(79): CodeIgniter\CodeIgniter->run()
13 SYSTEMPATH\Commands\Server\rewrite.php(47): require_once('C:\\wamp64\\www\\KosherKare\\public\\index.php')
ERROR - 2024-02-08 19:53:17 --> mysqli_sql_exception: Le champ 'email_address' ne peut être vide (null) in C:\wamp64\www\KosherKare\system\Database\MySQLi\Connection.php:306
Stack trace:
#0 C:\wamp64\www\KosherKare\system\Database\MySQLi\Connection.php(306): mysqli->query('INSERT INTO `us...', 0)
#1 C:\wamp64\www\KosherKare\system\Database\BaseConnection.php(693): CodeIgniter\Database\MySQLi\Connection->execute('INSERT INTO `us...')
#2 C:\wamp64\www\KosherKare\system\Database\BaseConnection.php(607): CodeIgniter\Database\BaseConnection->simpleQuery('INSERT INTO `us...')
#3 C:\wamp64\www\KosherKare\system\Database\BaseBuilder.php(2307): CodeIgniter\Database\BaseConnection->query('INSERT INTO `us...', Array, false)
#4 C:\wamp64\www\KosherKare\system\Model.php(326): CodeIgniter\Database\BaseBuilder->insert()
#5 C:\wamp64\www\KosherKare\system\BaseModel.php(802): CodeIgniter\Model->doInsert(Array)
#6 C:\wamp64\www\KosherKare\system\Model.php(744): CodeIgniter\BaseModel->insert(Array, true)
#7 C:\wamp64\www\KosherKare\app\Controllers\user.php(50): CodeIgniter\Model->insert(Array)
#8 C:\wamp64\www\KosherKare\system\CodeIgniter.php(941): App\Controllers\user->registration()
#9 C:\wamp64\www\KosherKare\system\CodeIgniter.php(502): CodeIgniter\CodeIgniter->runController(Object(App\Controllers\user))
#10 C:\wamp64\www\KosherKare\system\CodeIgniter.php(361): CodeIgniter\CodeIgniter->handleRequest(NULL, Object(Config\Cache), false)
#11 C:\wamp64\www\KosherKare\public\index.php(79): CodeIgniter\CodeIgniter->run()
#12 C:\wamp64\www\KosherKare\system\Commands\Server\rewrite.php(47): require_once('C:\\wamp64\\www\\K...')
#13 {main}
CRITICAL - 2024-02-08 19:53:17 --> CodeIgniter\Database\Exceptions\DatabaseException: Le champ 'email_address' ne peut être vide (null)
in SYSTEMPATH\Database\BaseConnection.php on line 647.
 1 SYSTEMPATH\Database\BaseBuilder.php(2307): CodeIgniter\Database\BaseConnection->query('INSERT INTO `users` (`email_address`, `password`, `first_name`, `last_name`, `phone_number`, `created_at`, `updated_at`) VALUES (:email_address:, :password:, :first_name:, :last_name:, :phone_number:, :created_at:, :updated_at:)', [...], false)
 2 SYSTEMPATH\Model.php(326): CodeIgniter\Database\BaseBuilder->insert()
 3 SYSTEMPATH\BaseModel.php(802): CodeIgniter\Model->doInsert([...])
 4 SYSTEMPATH\Model.php(744): CodeIgniter\BaseModel->insert([...], true)
 5 APPPATH\Controllers\user.php(50): CodeIgniter\Model->insert([...])
 6 SYSTEMPATH\CodeIgniter.php(941): App\Controllers\user->registration()
 7 SYSTEMPATH\CodeIgniter.php(502): CodeIgniter\CodeIgniter->runController(Object(App\Controllers\user))
 8 SYSTEMPATH\CodeIgniter.php(361): CodeIgniter\CodeIgniter->handleRequest(null, Object(Config\Cache), false)
 9 FCPATH\index.php(79): CodeIgniter\CodeIgniter->run()
10 SYSTEMPATH\Commands\Server\rewrite.php(47): require_once('C:\\wamp64\\www\\KosherKare\\public\\index.php')
CRITICAL - 2024-02-08 19:53:17 --> [Caused by] CodeIgniter\Database\Exceptions\DatabaseException: Le champ 'email_address' ne peut être vide (null)
in SYSTEMPATH\Database\MySQLi\Connection.php on line 311.
 1 SYSTEMPATH\Database\BaseConnection.php(693): CodeIgniter\Database\MySQLi\Connection->execute('INSERT INTO `users` (`email_address`, `password`, `first_name`, `last_name`, `phone_number`, `created_at`, `updated_at`) VALUES (NULL, \'bjbf,\', NULL, NULL, NULL, \'2024-02-08 19:53:17\', \'2024-02-08 19:53:17\')')
 2 SYSTEMPATH\Database\BaseConnection.php(607): CodeIgniter\Database\BaseConnection->simpleQuery('INSERT INTO `users` (`email_address`, `password`, `first_name`, `last_name`, `phone_number`, `created_at`, `updated_at`) VALUES (NULL, \'bjbf,\', NULL, NULL, NULL, \'2024-02-08 19:53:17\', \'2024-02-08 19:53:17\')')
 3 SYSTEMPATH\Database\BaseBuilder.php(2307): CodeIgniter\Database\BaseConnection->query('INSERT INTO `users` (`email_address`, `password`, `first_name`, `last_name`, `phone_number`, `created_at`, `updated_at`) VALUES (:email_address:, :password:, :first_name:, :last_name:, :phone_number:, :created_at:, :updated_at:)', [...], false)
 4 SYSTEMPATH\Model.php(326): CodeIgniter\Database\BaseBuilder->insert()
 5 SYSTEMPATH\BaseModel.php(802): CodeIgniter\Model->doInsert([...])
 6 SYSTEMPATH\Model.php(744): CodeIgniter\BaseModel->insert([...], true)
 7 APPPATH\Controllers\user.php(50): CodeIgniter\Model->insert([...])
 8 SYSTEMPATH\CodeIgniter.php(941): App\Controllers\user->registration()
 9 SYSTEMPATH\CodeIgniter.php(502): CodeIgniter\CodeIgniter->runController(Object(App\Controllers\user))
10 SYSTEMPATH\CodeIgniter.php(361): CodeIgniter\CodeIgniter->handleRequest(null, Object(Config\Cache), false)
11 FCPATH\index.php(79): CodeIgniter\CodeIgniter->run()
12 SYSTEMPATH\Commands\Server\rewrite.php(47): require_once('C:\\wamp64\\www\\KosherKare\\public\\index.php')
CRITICAL - 2024-02-08 19:53:17 --> [Caused by] mysqli_sql_exception: Le champ 'email_address' ne peut être vide (null)
in SYSTEMPATH\Database\MySQLi\Connection.php on line 306.
 1 SYSTEMPATH\Database\MySQLi\Connection.php(306): mysqli->query('INSERT INTO `users` (`email_address`, `password`, `first_name`, `last_name`, `phone_number`, `created_at`, `updated_at`) VALUES (NULL, \'bjbf,\', NULL, NULL, NULL, \'2024-02-08 19:53:17\', \'2024-02-08 19:53:17\')', 0)
 2 SYSTEMPATH\Database\BaseConnection.php(693): CodeIgniter\Database\MySQLi\Connection->execute('INSERT INTO `users` (`email_address`, `password`, `first_name`, `last_name`, `phone_number`, `created_at`, `updated_at`) VALUES (NULL, \'bjbf,\', NULL, NULL, NULL, \'2024-02-08 19:53:17\', \'2024-02-08 19:53:17\')')
 3 SYSTEMPATH\Database\BaseConnection.php(607): CodeIgniter\Database\BaseConnection->simpleQuery('INSERT INTO `users` (`email_address`, `password`, `first_name`, `last_name`, `phone_number`, `created_at`, `updated_at`) VALUES (NULL, \'bjbf,\', NULL, NULL, NULL, \'2024-02-08 19:53:17\', \'2024-02-08 19:53:17\')')
 4 SYSTEMPATH\Database\BaseBuilder.php(2307): CodeIgniter\Database\BaseConnection->query('INSERT INTO `users` (`email_address`, `password`, `first_name`, `last_name`, `phone_number`, `created_at`, `updated_at`) VALUES (:email_address:, :password:, :first_name:, :last_name:, :phone_number:, :created_at:, :updated_at:)', [...], false)
 5 SYSTEMPATH\Model.php(326): CodeIgniter\Database\BaseBuilder->insert()
 6 SYSTEMPATH\BaseModel.php(802): CodeIgniter\Model->doInsert([...])
 7 SYSTEMPATH\Model.php(744): CodeIgniter\BaseModel->insert([...], true)
 8 APPPATH\Controllers\user.php(50): CodeIgniter\Model->insert([...])
 9 SYSTEMPATH\CodeIgniter.php(941): App\Controllers\user->registration()
10 SYSTEMPATH\CodeIgniter.php(502): CodeIgniter\CodeIgniter->runController(Object(App\Controllers\user))
11 SYSTEMPATH\CodeIgniter.php(361): CodeIgniter\CodeIgniter->handleRequest(null, Object(Config\Cache), false)
12 FCPATH\index.php(79): CodeIgniter\CodeIgniter->run()
13 SYSTEMPATH\Commands\Server\rewrite.php(47): require_once('C:\\wamp64\\www\\KosherKare\\public\\index.php')
ERROR - 2024-02-08 19:55:31 --> mysqli_sql_exception: Le champ 'email_address' ne peut être vide (null) in C:\wamp64\www\KosherKare\system\Database\MySQLi\Connection.php:306
Stack trace:
#0 C:\wamp64\www\KosherKare\system\Database\MySQLi\Connection.php(306): mysqli->query('INSERT INTO `us...', 0)
#1 C:\wamp64\www\KosherKare\system\Database\BaseConnection.php(693): CodeIgniter\Database\MySQLi\Connection->execute('INSERT INTO `us...')
#2 C:\wamp64\www\KosherKare\system\Database\BaseConnection.php(607): CodeIgniter\Database\BaseConnection->simpleQuery('INSERT INTO `us...')
#3 C:\wamp64\www\KosherKare\system\Database\BaseBuilder.php(2307): CodeIgniter\Database\BaseConnection->query('INSERT INTO `us...', Array, false)
#4 C:\wamp64\www\KosherKare\system\Model.php(326): CodeIgniter\Database\BaseBuilder->insert()
#5 C:\wamp64\www\KosherKare\system\BaseModel.php(802): CodeIgniter\Model->doInsert(Array)
#6 C:\wamp64\www\KosherKare\system\Model.php(744): CodeIgniter\BaseModel->insert(Array, true)
#7 C:\wamp64\www\KosherKare\app\Controllers\user.php(49): CodeIgniter\Model->insert(Array)
#8 C:\wamp64\www\KosherKare\system\CodeIgniter.php(941): App\Controllers\User->registration()
#9 C:\wamp64\www\KosherKare\system\CodeIgniter.php(502): CodeIgniter\CodeIgniter->runController(Object(App\Controllers\User))
#10 C:\wamp64\www\KosherKare\system\CodeIgniter.php(361): CodeIgniter\CodeIgniter->handleRequest(NULL, Object(Config\Cache), false)
#11 C:\wamp64\www\KosherKare\public\index.php(79): CodeIgniter\CodeIgniter->run()
#12 C:\wamp64\www\KosherKare\system\Commands\Server\rewrite.php(47): require_once('C:\\wamp64\\www\\K...')
#13 {main}
CRITICAL - 2024-02-08 19:55:31 --> CodeIgniter\Database\Exceptions\DatabaseException: Le champ 'email_address' ne peut être vide (null)
in SYSTEMPATH\Database\BaseConnection.php on line 647.
 1 SYSTEMPATH\Database\BaseBuilder.php(2307): CodeIgniter\Database\BaseConnection->query('INSERT INTO `users` (`email_address`, `password`, `first_name`, `last_name`, `phone_number`, `created_at`, `updated_at`) VALUES (:email_address:, :password:, :first_name:, :last_name:, :phone_number:, :created_at:, :updated_at:)', [...], false)
 2 SYSTEMPATH\Model.php(326): CodeIgniter\Database\BaseBuilder->insert()
 3 SYSTEMPATH\BaseModel.php(802): CodeIgniter\Model->doInsert([...])
 4 SYSTEMPATH\Model.php(744): CodeIgniter\BaseModel->insert([...], true)
 5 APPPATH\Controllers\user.php(49): CodeIgniter\Model->insert([...])
 6 SYSTEMPATH\CodeIgniter.php(941): App\Controllers\User->registration()
 7 SYSTEMPATH\CodeIgniter.php(502): CodeIgniter\CodeIgniter->runController(Object(App\Controllers\User))
 8 SYSTEMPATH\CodeIgniter.php(361): CodeIgniter\CodeIgniter->handleRequest(null, Object(Config\Cache), false)
 9 FCPATH\index.php(79): CodeIgniter\CodeIgniter->run()
10 SYSTEMPATH\Commands\Server\rewrite.php(47): require_once('C:\\wamp64\\www\\KosherKare\\public\\index.php')
CRITICAL - 2024-02-08 19:55:31 --> [Caused by] CodeIgniter\Database\Exceptions\DatabaseException: Le champ 'email_address' ne peut être vide (null)
in SYSTEMPATH\Database\MySQLi\Connection.php on line 311.
 1 SYSTEMPATH\Database\BaseConnection.php(693): CodeIgniter\Database\MySQLi\Connection->execute('INSERT INTO `users` (`email_address`, `password`, `first_name`, `last_name`, `phone_number`, `created_at`, `updated_at`) VALUES (NULL, \'bjbf,\', NULL, NULL, NULL, \'2024-02-08 19:55:31\', \'2024-02-08 19:55:31\')')
 2 SYSTEMPATH\Database\BaseConnection.php(607): CodeIgniter\Database\BaseConnection->simpleQuery('INSERT INTO `users` (`email_address`, `password`, `first_name`, `last_name`, `phone_number`, `created_at`, `updated_at`) VALUES (NULL, \'bjbf,\', NULL, NULL, NULL, \'2024-02-08 19:55:31\', \'2024-02-08 19:55:31\')')
 3 SYSTEMPATH\Database\BaseBuilder.php(2307): CodeIgniter\Database\BaseConnection->query('INSERT INTO `users` (`email_address`, `password`, `first_name`, `last_name`, `phone_number`, `created_at`, `updated_at`) VALUES (:email_address:, :password:, :first_name:, :last_name:, :phone_number:, :created_at:, :updated_at:)', [...], false)
 4 SYSTEMPATH\Model.php(326): CodeIgniter\Database\BaseBuilder->insert()
 5 SYSTEMPATH\BaseModel.php(802): CodeIgniter\Model->doInsert([...])
 6 SYSTEMPATH\Model.php(744): CodeIgniter\BaseModel->insert([...], true)
 7 APPPATH\Controllers\user.php(49): CodeIgniter\Model->insert([...])
 8 SYSTEMPATH\CodeIgniter.php(941): App\Controllers\User->registration()
 9 SYSTEMPATH\CodeIgniter.php(502): CodeIgniter\CodeIgniter->runController(Object(App\Controllers\User))
10 SYSTEMPATH\CodeIgniter.php(361): CodeIgniter\CodeIgniter->handleRequest(null, Object(Config\Cache), false)
11 FCPATH\index.php(79): CodeIgniter\CodeIgniter->run()
12 SYSTEMPATH\Commands\Server\rewrite.php(47): require_once('C:\\wamp64\\www\\KosherKare\\public\\index.php')
CRITICAL - 2024-02-08 19:55:31 --> [Caused by] mysqli_sql_exception: Le champ 'email_address' ne peut être vide (null)
in SYSTEMPATH\Database\MySQLi\Connection.php on line 306.
 1 SYSTEMPATH\Database\MySQLi\Connection.php(306): mysqli->query('INSERT INTO `users` (`email_address`, `password`, `first_name`, `last_name`, `phone_number`, `created_at`, `updated_at`) VALUES (NULL, \'bjbf,\', NULL, NULL, NULL, \'2024-02-08 19:55:31\', \'2024-02-08 19:55:31\')', 0)
 2 SYSTEMPATH\Database\BaseConnection.php(693): CodeIgniter\Database\MySQLi\Connection->execute('INSERT INTO `users` (`email_address`, `password`, `first_name`, `last_name`, `phone_number`, `created_at`, `updated_at`) VALUES (NULL, \'bjbf,\', NULL, NULL, NULL, \'2024-02-08 19:55:31\', \'2024-02-08 19:55:31\')')
 3 SYSTEMPATH\Database\BaseConnection.php(607): CodeIgniter\Database\BaseConnection->simpleQuery('INSERT INTO `users` (`email_address`, `password`, `first_name`, `last_name`, `phone_number`, `created_at`, `updated_at`) VALUES (NULL, \'bjbf,\', NULL, NULL, NULL, \'2024-02-08 19:55:31\', \'2024-02-08 19:55:31\')')
 4 SYSTEMPATH\Database\BaseBuilder.php(2307): CodeIgniter\Database\BaseConnection->query('INSERT INTO `users` (`email_address`, `password`, `first_name`, `last_name`, `phone_number`, `created_at`, `updated_at`) VALUES (:email_address:, :password:, :first_name:, :last_name:, :phone_number:, :created_at:, :updated_at:)', [...], false)
 5 SYSTEMPATH\Model.php(326): CodeIgniter\Database\BaseBuilder->insert()
 6 SYSTEMPATH\BaseModel.php(802): CodeIgniter\Model->doInsert([...])
 7 SYSTEMPATH\Model.php(744): CodeIgniter\BaseModel->insert([...], true)
 8 APPPATH\Controllers\user.php(49): CodeIgniter\Model->insert([...])
 9 SYSTEMPATH\CodeIgniter.php(941): App\Controllers\User->registration()
10 SYSTEMPATH\CodeIgniter.php(502): CodeIgniter\CodeIgniter->runController(Object(App\Controllers\User))
11 SYSTEMPATH\CodeIgniter.php(361): CodeIgniter\CodeIgniter->handleRequest(null, Object(Config\Cache), false)
12 FCPATH\index.php(79): CodeIgniter\CodeIgniter->run()
13 SYSTEMPATH\Commands\Server\rewrite.php(47): require_once('C:\\wamp64\\www\\KosherKare\\public\\index.php')
ERROR - 2024-02-08 19:56:36 --> mysqli_sql_exception: Le champ 'email_address' ne peut être vide (null) in C:\wamp64\www\KosherKare\system\Database\MySQLi\Connection.php:306
Stack trace:
#0 C:\wamp64\www\KosherKare\system\Database\MySQLi\Connection.php(306): mysqli->query('INSERT INTO `us...', 0)
#1 C:\wamp64\www\KosherKare\system\Database\BaseConnection.php(693): CodeIgniter\Database\MySQLi\Connection->execute('INSERT INTO `us...')
#2 C:\wamp64\www\KosherKare\system\Database\BaseConnection.php(607): CodeIgniter\Database\BaseConnection->simpleQuery('INSERT INTO `us...')
#3 C:\wamp64\www\KosherKare\system\Database\BaseBuilder.php(2307): CodeIgniter\Database\BaseConnection->query('INSERT INTO `us...', Array, false)
#4 C:\wamp64\www\KosherKare\system\Model.php(326): CodeIgniter\Database\BaseBuilder->insert()
#5 C:\wamp64\www\KosherKare\system\BaseModel.php(802): CodeIgniter\Model->doInsert(Array)
#6 C:\wamp64\www\KosherKare\system\Model.php(744): CodeIgniter\BaseModel->insert(Array, true)
#7 C:\wamp64\www\KosherKare\app\Controllers\user.php(50): CodeIgniter\Model->insert(Array)
#8 C:\wamp64\www\KosherKare\system\CodeIgniter.php(941): App\Controllers\User->registration()
#9 C:\wamp64\www\KosherKare\system\CodeIgniter.php(502): CodeIgniter\CodeIgniter->runController(Object(App\Controllers\User))
#10 C:\wamp64\www\KosherKare\system\CodeIgniter.php(361): CodeIgniter\CodeIgniter->handleRequest(NULL, Object(Config\Cache), false)
#11 C:\wamp64\www\KosherKare\public\index.php(79): CodeIgniter\CodeIgniter->run()
#12 C:\wamp64\www\KosherKare\system\Commands\Server\rewrite.php(47): require_once('C:\\wamp64\\www\\K...')
#13 {main}
CRITICAL - 2024-02-08 19:56:36 --> CodeIgniter\Database\Exceptions\DatabaseException: Le champ 'email_address' ne peut être vide (null)
in SYSTEMPATH\Database\BaseConnection.php on line 647.
 1 SYSTEMPATH\Database\BaseBuilder.php(2307): CodeIgniter\Database\BaseConnection->query('INSERT INTO `users` (`email_address`, `password`, `first_name`, `last_name`, `phone_number`, `created_at`, `updated_at`) VALUES (:email_address:, :password:, :first_name:, :last_name:, :phone_number:, :created_at:, :updated_at:)', [...], false)
 2 SYSTEMPATH\Model.php(326): CodeIgniter\Database\BaseBuilder->insert()
 3 SYSTEMPATH\BaseModel.php(802): CodeIgniter\Model->doInsert([...])
 4 SYSTEMPATH\Model.php(744): CodeIgniter\BaseModel->insert([...], true)
 5 APPPATH\Controllers\user.php(50): CodeIgniter\Model->insert([...])
 6 SYSTEMPATH\CodeIgniter.php(941): App\Controllers\User->registration()
 7 SYSTEMPATH\CodeIgniter.php(502): CodeIgniter\CodeIgniter->runController(Object(App\Controllers\User))
 8 SYSTEMPATH\CodeIgniter.php(361): CodeIgniter\CodeIgniter->handleRequest(null, Object(Config\Cache), false)
 9 FCPATH\index.php(79): CodeIgniter\CodeIgniter->run()
10 SYSTEMPATH\Commands\Server\rewrite.php(47): require_once('C:\\wamp64\\www\\KosherKare\\public\\index.php')
CRITICAL - 2024-02-08 19:56:36 --> [Caused by] CodeIgniter\Database\Exceptions\DatabaseException: Le champ 'email_address' ne peut être vide (null)
in SYSTEMPATH\Database\MySQLi\Connection.php on line 311.
 1 SYSTEMPATH\Database\BaseConnection.php(693): CodeIgniter\Database\MySQLi\Connection->execute('INSERT INTO `users` (`email_address`, `password`, `first_name`, `last_name`, `phone_number`, `created_at`, `updated_at`) VALUES (NULL, \'bjbf,\', NULL, NULL, NULL, \'2024-02-08 19:56:36\', \'2024-02-08 19:56:36\')')
 2 SYSTEMPATH\Database\BaseConnection.php(607): CodeIgniter\Database\BaseConnection->simpleQuery('INSERT INTO `users` (`email_address`, `password`, `first_name`, `last_name`, `phone_number`, `created_at`, `updated_at`) VALUES (NULL, \'bjbf,\', NULL, NULL, NULL, \'2024-02-08 19:56:36\', \'2024-02-08 19:56:36\')')
 3 SYSTEMPATH\Database\BaseBuilder.php(2307): CodeIgniter\Database\BaseConnection->query('INSERT INTO `users` (`email_address`, `password`, `first_name`, `last_name`, `phone_number`, `created_at`, `updated_at`) VALUES (:email_address:, :password:, :first_name:, :last_name:, :phone_number:, :created_at:, :updated_at:)', [...], false)
 4 SYSTEMPATH\Model.php(326): CodeIgniter\Database\BaseBuilder->insert()
 5 SYSTEMPATH\BaseModel.php(802): CodeIgniter\Model->doInsert([...])
 6 SYSTEMPATH\Model.php(744): CodeIgniter\BaseModel->insert([...], true)
 7 APPPATH\Controllers\user.php(50): CodeIgniter\Model->insert([...])
 8 SYSTEMPATH\CodeIgniter.php(941): App\Controllers\User->registration()
 9 SYSTEMPATH\CodeIgniter.php(502): CodeIgniter\CodeIgniter->runController(Object(App\Controllers\User))
10 SYSTEMPATH\CodeIgniter.php(361): CodeIgniter\CodeIgniter->handleRequest(null, Object(Config\Cache), false)
11 FCPATH\index.php(79): CodeIgniter\CodeIgniter->run()
12 SYSTEMPATH\Commands\Server\rewrite.php(47): require_once('C:\\wamp64\\www\\KosherKare\\public\\index.php')
CRITICAL - 2024-02-08 19:56:36 --> [Caused by] mysqli_sql_exception: Le champ 'email_address' ne peut être vide (null)
in SYSTEMPATH\Database\MySQLi\Connection.php on line 306.
 1 SYSTEMPATH\Database\MySQLi\Connection.php(306): mysqli->query('INSERT INTO `users` (`email_address`, `password`, `first_name`, `last_name`, `phone_number`, `created_at`, `updated_at`) VALUES (NULL, \'bjbf,\', NULL, NULL, NULL, \'2024-02-08 19:56:36\', \'2024-02-08 19:56:36\')', 0)
 2 SYSTEMPATH\Database\BaseConnection.php(693): CodeIgniter\Database\MySQLi\Connection->execute('INSERT INTO `users` (`email_address`, `password`, `first_name`, `last_name`, `phone_number`, `created_at`, `updated_at`) VALUES (NULL, \'bjbf,\', NULL, NULL, NULL, \'2024-02-08 19:56:36\', \'2024-02-08 19:56:36\')')
 3 SYSTEMPATH\Database\BaseConnection.php(607): CodeIgniter\Database\BaseConnection->simpleQuery('INSERT INTO `users` (`email_address`, `password`, `first_name`, `last_name`, `phone_number`, `created_at`, `updated_at`) VALUES (NULL, \'bjbf,\', NULL, NULL, NULL, \'2024-02-08 19:56:36\', \'2024-02-08 19:56:36\')')
 4 SYSTEMPATH\Database\BaseBuilder.php(2307): CodeIgniter\Database\BaseConnection->query('INSERT INTO `users` (`email_address`, `password`, `first_name`, `last_name`, `phone_number`, `created_at`, `updated_at`) VALUES (:email_address:, :password:, :first_name:, :last_name:, :phone_number:, :created_at:, :updated_at:)', [...], false)
 5 SYSTEMPATH\Model.php(326): CodeIgniter\Database\BaseBuilder->insert()
 6 SYSTEMPATH\BaseModel.php(802): CodeIgniter\Model->doInsert([...])
 7 SYSTEMPATH\Model.php(744): CodeIgniter\BaseModel->insert([...], true)
 8 APPPATH\Controllers\user.php(50): CodeIgniter\Model->insert([...])
 9 SYSTEMPATH\CodeIgniter.php(941): App\Controllers\User->registration()
10 SYSTEMPATH\CodeIgniter.php(502): CodeIgniter\CodeIgniter->runController(Object(App\Controllers\User))
11 SYSTEMPATH\CodeIgniter.php(361): CodeIgniter\CodeIgniter->handleRequest(null, Object(Config\Cache), false)
12 FCPATH\index.php(79): CodeIgniter\CodeIgniter->run()
13 SYSTEMPATH\Commands\Server\rewrite.php(47): require_once('C:\\wamp64\\www\\KosherKare\\public\\index.php')
ERROR - 2024-02-08 19:56:45 --> mysqli_sql_exception: Le champ 'email_address' ne peut être vide (null) in C:\wamp64\www\KosherKare\system\Database\MySQLi\Connection.php:306
Stack trace:
#0 C:\wamp64\www\KosherKare\system\Database\MySQLi\Connection.php(306): mysqli->query('INSERT INTO `us...', 0)
#1 C:\wamp64\www\KosherKare\system\Database\BaseConnection.php(693): CodeIgniter\Database\MySQLi\Connection->execute('INSERT INTO `us...')
#2 C:\wamp64\www\KosherKare\system\Database\BaseConnection.php(607): CodeIgniter\Database\BaseConnection->simpleQuery('INSERT INTO `us...')
#3 C:\wamp64\www\KosherKare\system\Database\BaseBuilder.php(2307): CodeIgniter\Database\BaseConnection->query('INSERT INTO `us...', Array, false)
#4 C:\wamp64\www\KosherKare\system\Model.php(326): CodeIgniter\Database\BaseBuilder->insert()
#5 C:\wamp64\www\KosherKare\system\BaseModel.php(802): CodeIgniter\Model->doInsert(Array)
#6 C:\wamp64\www\KosherKare\system\Model.php(744): CodeIgniter\BaseModel->insert(Array, true)
#7 C:\wamp64\www\KosherKare\app\Controllers\user.php(50): CodeIgniter\Model->insert(Array)
#8 C:\wamp64\www\KosherKare\system\CodeIgniter.php(941): App\Controllers\User->registration()
#9 C:\wamp64\www\KosherKare\system\CodeIgniter.php(502): CodeIgniter\CodeIgniter->runController(Object(App\Controllers\User))
#10 C:\wamp64\www\KosherKare\system\CodeIgniter.php(361): CodeIgniter\CodeIgniter->handleRequest(NULL, Object(Config\Cache), false)
#11 C:\wamp64\www\KosherKare\public\index.php(79): CodeIgniter\CodeIgniter->run()
#12 C:\wamp64\www\KosherKare\system\Commands\Server\rewrite.php(47): require_once('C:\\wamp64\\www\\K...')
#13 {main}
CRITICAL - 2024-02-08 19:56:45 --> CodeIgniter\Database\Exceptions\DatabaseException: Le champ 'email_address' ne peut être vide (null)
in SYSTEMPATH\Database\BaseConnection.php on line 647.
 1 SYSTEMPATH\Database\BaseBuilder.php(2307): CodeIgniter\Database\BaseConnection->query('INSERT INTO `users` (`email_address`, `password`, `first_name`, `last_name`, `phone_number`, `created_at`, `updated_at`) VALUES (:email_address:, :password:, :first_name:, :last_name:, :phone_number:, :created_at:, :updated_at:)', [...], false)
 2 SYSTEMPATH\Model.php(326): CodeIgniter\Database\BaseBuilder->insert()
 3 SYSTEMPATH\BaseModel.php(802): CodeIgniter\Model->doInsert([...])
 4 SYSTEMPATH\Model.php(744): CodeIgniter\BaseModel->insert([...], true)
 5 APPPATH\Controllers\user.php(50): CodeIgniter\Model->insert([...])
 6 SYSTEMPATH\CodeIgniter.php(941): App\Controllers\User->registration()
 7 SYSTEMPATH\CodeIgniter.php(502): CodeIgniter\CodeIgniter->runController(Object(App\Controllers\User))
 8 SYSTEMPATH\CodeIgniter.php(361): CodeIgniter\CodeIgniter->handleRequest(null, Object(Config\Cache), false)
 9 FCPATH\index.php(79): CodeIgniter\CodeIgniter->run()
10 SYSTEMPATH\Commands\Server\rewrite.php(47): require_once('C:\\wamp64\\www\\KosherKare\\public\\index.php')
CRITICAL - 2024-02-08 19:56:45 --> [Caused by] CodeIgniter\Database\Exceptions\DatabaseException: Le champ 'email_address' ne peut être vide (null)
in SYSTEMPATH\Database\MySQLi\Connection.php on line 311.
 1 SYSTEMPATH\Database\BaseConnection.php(693): CodeIgniter\Database\MySQLi\Connection->execute('INSERT INTO `users` (`email_address`, `password`, `first_name`, `last_name`, `phone_number`, `created_at`, `updated_at`) VALUES (NULL, \'bjbf,\', NULL, NULL, NULL, \'2024-02-08 19:56:45\', \'2024-02-08 19:56:45\')')
 2 SYSTEMPATH\Database\BaseConnection.php(607): CodeIgniter\Database\BaseConnection->simpleQuery('INSERT INTO `users` (`email_address`, `password`, `first_name`, `last_name`, `phone_number`, `created_at`, `updated_at`) VALUES (NULL, \'bjbf,\', NULL, NULL, NULL, \'2024-02-08 19:56:45\', \'2024-02-08 19:56:45\')')
 3 SYSTEMPATH\Database\BaseBuilder.php(2307): CodeIgniter\Database\BaseConnection->query('INSERT INTO `users` (`email_address`, `password`, `first_name`, `last_name`, `phone_number`, `created_at`, `updated_at`) VALUES (:email_address:, :password:, :first_name:, :last_name:, :phone_number:, :created_at:, :updated_at:)', [...], false)
 4 SYSTEMPATH\Model.php(326): CodeIgniter\Database\BaseBuilder->insert()
 5 SYSTEMPATH\BaseModel.php(802): CodeIgniter\Model->doInsert([...])
 6 SYSTEMPATH\Model.php(744): CodeIgniter\BaseModel->insert([...], true)
 7 APPPATH\Controllers\user.php(50): CodeIgniter\Model->insert([...])
 8 SYSTEMPATH\CodeIgniter.php(941): App\Controllers\User->registration()
 9 SYSTEMPATH\CodeIgniter.php(502): CodeIgniter\CodeIgniter->runController(Object(App\Controllers\User))
10 SYSTEMPATH\CodeIgniter.php(361): CodeIgniter\CodeIgniter->handleRequest(null, Object(Config\Cache), false)
11 FCPATH\index.php(79): CodeIgniter\CodeIgniter->run()
12 SYSTEMPATH\Commands\Server\rewrite.php(47): require_once('C:\\wamp64\\www\\KosherKare\\public\\index.php')
CRITICAL - 2024-02-08 19:56:45 --> [Caused by] mysqli_sql_exception: Le champ 'email_address' ne peut être vide (null)
in SYSTEMPATH\Database\MySQLi\Connection.php on line 306.
 1 SYSTEMPATH\Database\MySQLi\Connection.php(306): mysqli->query('INSERT INTO `users` (`email_address`, `password`, `first_name`, `last_name`, `phone_number`, `created_at`, `updated_at`) VALUES (NULL, \'bjbf,\', NULL, NULL, NULL, \'2024-02-08 19:56:45\', \'2024-02-08 19:56:45\')', 0)
 2 SYSTEMPATH\Database\BaseConnection.php(693): CodeIgniter\Database\MySQLi\Connection->execute('INSERT INTO `users` (`email_address`, `password`, `first_name`, `last_name`, `phone_number`, `created_at`, `updated_at`) VALUES (NULL, \'bjbf,\', NULL, NULL, NULL, \'2024-02-08 19:56:45\', \'2024-02-08 19:56:45\')')
 3 SYSTEMPATH\Database\BaseConnection.php(607): CodeIgniter\Database\BaseConnection->simpleQuery('INSERT INTO `users` (`email_address`, `password`, `first_name`, `last_name`, `phone_number`, `created_at`, `updated_at`) VALUES (NULL, \'bjbf,\', NULL, NULL, NULL, \'2024-02-08 19:56:45\', \'2024-02-08 19:56:45\')')
 4 SYSTEMPATH\Database\BaseBuilder.php(2307): CodeIgniter\Database\BaseConnection->query('INSERT INTO `users` (`email_address`, `password`, `first_name`, `last_name`, `phone_number`, `created_at`, `updated_at`) VALUES (:email_address:, :password:, :first_name:, :last_name:, :phone_number:, :created_at:, :updated_at:)', [...], false)
 5 SYSTEMPATH\Model.php(326): CodeIgniter\Database\BaseBuilder->insert()
 6 SYSTEMPATH\BaseModel.php(802): CodeIgniter\Model->doInsert([...])
 7 SYSTEMPATH\Model.php(744): CodeIgniter\BaseModel->insert([...], true)
 8 APPPATH\Controllers\user.php(50): CodeIgniter\Model->insert([...])
 9 SYSTEMPATH\CodeIgniter.php(941): App\Controllers\User->registration()
10 SYSTEMPATH\CodeIgniter.php(502): CodeIgniter\CodeIgniter->runController(Object(App\Controllers\User))
11 SYSTEMPATH\CodeIgniter.php(361): CodeIgniter\CodeIgniter->handleRequest(null, Object(Config\Cache), false)
12 FCPATH\index.php(79): CodeIgniter\CodeIgniter->run()
13 SYSTEMPATH\Commands\Server\rewrite.php(47): require_once('C:\\wamp64\\www\\KosherKare\\public\\index.php')
ERROR - 2024-02-08 19:56:47 --> mysqli_sql_exception: Le champ 'email_address' ne peut être vide (null) in C:\wamp64\www\KosherKare\system\Database\MySQLi\Connection.php:306
Stack trace:
#0 C:\wamp64\www\KosherKare\system\Database\MySQLi\Connection.php(306): mysqli->query('INSERT INTO `us...', 0)
#1 C:\wamp64\www\KosherKare\system\Database\BaseConnection.php(693): CodeIgniter\Database\MySQLi\Connection->execute('INSERT INTO `us...')
#2 C:\wamp64\www\KosherKare\system\Database\BaseConnection.php(607): CodeIgniter\Database\BaseConnection->simpleQuery('INSERT INTO `us...')
#3 C:\wamp64\www\KosherKare\system\Database\BaseBuilder.php(2307): CodeIgniter\Database\BaseConnection->query('INSERT INTO `us...', Array, false)
#4 C:\wamp64\www\KosherKare\system\Model.php(326): CodeIgniter\Database\BaseBuilder->insert()
#5 C:\wamp64\www\KosherKare\system\BaseModel.php(802): CodeIgniter\Model->doInsert(Array)
#6 C:\wamp64\www\KosherKare\system\Model.php(744): CodeIgniter\BaseModel->insert(Array, true)
#7 C:\wamp64\www\KosherKare\app\Controllers\user.php(50): CodeIgniter\Model->insert(Array)
#8 C:\wamp64\www\KosherKare\system\CodeIgniter.php(941): App\Controllers\User->registration()
#9 C:\wamp64\www\KosherKare\system\CodeIgniter.php(502): CodeIgniter\CodeIgniter->runController(Object(App\Controllers\User))
#10 C:\wamp64\www\KosherKare\system\CodeIgniter.php(361): CodeIgniter\CodeIgniter->handleRequest(NULL, Object(Config\Cache), false)
#11 C:\wamp64\www\KosherKare\public\index.php(79): CodeIgniter\CodeIgniter->run()
#12 C:\wamp64\www\KosherKare\system\Commands\Server\rewrite.php(47): require_once('C:\\wamp64\\www\\K...')
#13 {main}
CRITICAL - 2024-02-08 19:56:47 --> CodeIgniter\Database\Exceptions\DatabaseException: Le champ 'email_address' ne peut être vide (null)
in SYSTEMPATH\Database\BaseConnection.php on line 647.
 1 SYSTEMPATH\Database\BaseBuilder.php(2307): CodeIgniter\Database\BaseConnection->query('INSERT INTO `users` (`email_address`, `password`, `first_name`, `last_name`, `phone_number`, `created_at`, `updated_at`) VALUES (:email_address:, :password:, :first_name:, :last_name:, :phone_number:, :created_at:, :updated_at:)', [...], false)
 2 SYSTEMPATH\Model.php(326): CodeIgniter\Database\BaseBuilder->insert()
 3 SYSTEMPATH\BaseModel.php(802): CodeIgniter\Model->doInsert([...])
 4 SYSTEMPATH\Model.php(744): CodeIgniter\BaseModel->insert([...], true)
 5 APPPATH\Controllers\user.php(50): CodeIgniter\Model->insert([...])
 6 SYSTEMPATH\CodeIgniter.php(941): App\Controllers\User->registration()
 7 SYSTEMPATH\CodeIgniter.php(502): CodeIgniter\CodeIgniter->runController(Object(App\Controllers\User))
 8 SYSTEMPATH\CodeIgniter.php(361): CodeIgniter\CodeIgniter->handleRequest(null, Object(Config\Cache), false)
 9 FCPATH\index.php(79): CodeIgniter\CodeIgniter->run()
10 SYSTEMPATH\Commands\Server\rewrite.php(47): require_once('C:\\wamp64\\www\\KosherKare\\public\\index.php')
CRITICAL - 2024-02-08 19:56:47 --> [Caused by] CodeIgniter\Database\Exceptions\DatabaseException: Le champ 'email_address' ne peut être vide (null)
in SYSTEMPATH\Database\MySQLi\Connection.php on line 311.
 1 SYSTEMPATH\Database\BaseConnection.php(693): CodeIgniter\Database\MySQLi\Connection->execute('INSERT INTO `users` (`email_address`, `password`, `first_name`, `last_name`, `phone_number`, `created_at`, `updated_at`) VALUES (NULL, \'bjbf,\', NULL, NULL, NULL, \'2024-02-08 19:56:47\', \'2024-02-08 19:56:47\')')
 2 SYSTEMPATH\Database\BaseConnection.php(607): CodeIgniter\Database\BaseConnection->simpleQuery('INSERT INTO `users` (`email_address`, `password`, `first_name`, `last_name`, `phone_number`, `created_at`, `updated_at`) VALUES (NULL, \'bjbf,\', NULL, NULL, NULL, \'2024-02-08 19:56:47\', \'2024-02-08 19:56:47\')')
 3 SYSTEMPATH\Database\BaseBuilder.php(2307): CodeIgniter\Database\BaseConnection->query('INSERT INTO `users` (`email_address`, `password`, `first_name`, `last_name`, `phone_number`, `created_at`, `updated_at`) VALUES (:email_address:, :password:, :first_name:, :last_name:, :phone_number:, :created_at:, :updated_at:)', [...], false)
 4 SYSTEMPATH\Model.php(326): CodeIgniter\Database\BaseBuilder->insert()
 5 SYSTEMPATH\BaseModel.php(802): CodeIgniter\Model->doInsert([...])
 6 SYSTEMPATH\Model.php(744): CodeIgniter\BaseModel->insert([...], true)
 7 APPPATH\Controllers\user.php(50): CodeIgniter\Model->insert([...])
 8 SYSTEMPATH\CodeIgniter.php(941): App\Controllers\User->registration()
 9 SYSTEMPATH\CodeIgniter.php(502): CodeIgniter\CodeIgniter->runController(Object(App\Controllers\User))
10 SYSTEMPATH\CodeIgniter.php(361): CodeIgniter\CodeIgniter->handleRequest(null, Object(Config\Cache), false)
11 FCPATH\index.php(79): CodeIgniter\CodeIgniter->run()
12 SYSTEMPATH\Commands\Server\rewrite.php(47): require_once('C:\\wamp64\\www\\KosherKare\\public\\index.php')
CRITICAL - 2024-02-08 19:56:47 --> [Caused by] mysqli_sql_exception: Le champ 'email_address' ne peut être vide (null)
in SYSTEMPATH\Database\MySQLi\Connection.php on line 306.
 1 SYSTEMPATH\Database\MySQLi\Connection.php(306): mysqli->query('INSERT INTO `users` (`email_address`, `password`, `first_name`, `last_name`, `phone_number`, `created_at`, `updated_at`) VALUES (NULL, \'bjbf,\', NULL, NULL, NULL, \'2024-02-08 19:56:47\', \'2024-02-08 19:56:47\')', 0)
 2 SYSTEMPATH\Database\BaseConnection.php(693): CodeIgniter\Database\MySQLi\Connection->execute('INSERT INTO `users` (`email_address`, `password`, `first_name`, `last_name`, `phone_number`, `created_at`, `updated_at`) VALUES (NULL, \'bjbf,\', NULL, NULL, NULL, \'2024-02-08 19:56:47\', \'2024-02-08 19:56:47\')')
 3 SYSTEMPATH\Database\BaseConnection.php(607): CodeIgniter\Database\BaseConnection->simpleQuery('INSERT INTO `users` (`email_address`, `password`, `first_name`, `last_name`, `phone_number`, `created_at`, `updated_at`) VALUES (NULL, \'bjbf,\', NULL, NULL, NULL, \'2024-02-08 19:56:47\', \'2024-02-08 19:56:47\')')
 4 SYSTEMPATH\Database\BaseBuilder.php(2307): CodeIgniter\Database\BaseConnection->query('INSERT INTO `users` (`email_address`, `password`, `first_name`, `last_name`, `phone_number`, `created_at`, `updated_at`) VALUES (:email_address:, :password:, :first_name:, :last_name:, :phone_number:, :created_at:, :updated_at:)', [...], false)
 5 SYSTEMPATH\Model.php(326): CodeIgniter\Database\BaseBuilder->insert()
 6 SYSTEMPATH\BaseModel.php(802): CodeIgniter\Model->doInsert([...])
 7 SYSTEMPATH\Model.php(744): CodeIgniter\BaseModel->insert([...], true)
 8 APPPATH\Controllers\user.php(50): CodeIgniter\Model->insert([...])
 9 SYSTEMPATH\CodeIgniter.php(941): App\Controllers\User->registration()
10 SYSTEMPATH\CodeIgniter.php(502): CodeIgniter\CodeIgniter->runController(Object(App\Controllers\User))
11 SYSTEMPATH\CodeIgniter.php(361): CodeIgniter\CodeIgniter->handleRequest(null, Object(Config\Cache), false)
12 FCPATH\index.php(79): CodeIgniter\CodeIgniter->run()
13 SYSTEMPATH\Commands\Server\rewrite.php(47): require_once('C:\\wamp64\\www\\KosherKare\\public\\index.php')
ERROR - 2024-02-08 19:57:04 --> mysqli_sql_exception: Le champ 'email_address' ne peut être vide (null) in C:\wamp64\www\KosherKare\system\Database\MySQLi\Connection.php:306
Stack trace:
#0 C:\wamp64\www\KosherKare\system\Database\MySQLi\Connection.php(306): mysqli->query('INSERT INTO `us...', 0)
#1 C:\wamp64\www\KosherKare\system\Database\BaseConnection.php(693): CodeIgniter\Database\MySQLi\Connection->execute('INSERT INTO `us...')
#2 C:\wamp64\www\KosherKare\system\Database\BaseConnection.php(607): CodeIgniter\Database\BaseConnection->simpleQuery('INSERT INTO `us...')
#3 C:\wamp64\www\KosherKare\system\Database\BaseBuilder.php(2307): CodeIgniter\Database\BaseConnection->query('INSERT INTO `us...', Array, false)
#4 C:\wamp64\www\KosherKare\system\Model.php(326): CodeIgniter\Database\BaseBuilder->insert()
#5 C:\wamp64\www\KosherKare\system\BaseModel.php(802): CodeIgniter\Model->doInsert(Array)
#6 C:\wamp64\www\KosherKare\system\Model.php(744): CodeIgniter\BaseModel->insert(Array, true)
#7 C:\wamp64\www\KosherKare\app\Controllers\user.php(50): CodeIgniter\Model->insert(Array)
#8 C:\wamp64\www\KosherKare\system\CodeIgniter.php(941): App\Controllers\User->registration()
#9 C:\wamp64\www\KosherKare\system\CodeIgniter.php(502): CodeIgniter\CodeIgniter->runController(Object(App\Controllers\User))
#10 C:\wamp64\www\KosherKare\system\CodeIgniter.php(361): CodeIgniter\CodeIgniter->handleRequest(NULL, Object(Config\Cache), false)
#11 C:\wamp64\www\KosherKare\public\index.php(79): CodeIgniter\CodeIgniter->run()
#12 C:\wamp64\www\KosherKare\system\Commands\Server\rewrite.php(47): require_once('C:\\wamp64\\www\\K...')
#13 {main}
CRITICAL - 2024-02-08 19:57:04 --> CodeIgniter\Database\Exceptions\DatabaseException: Le champ 'email_address' ne peut être vide (null)
in SYSTEMPATH\Database\BaseConnection.php on line 647.
 1 SYSTEMPATH\Database\BaseBuilder.php(2307): CodeIgniter\Database\BaseConnection->query('INSERT INTO `users` (`email_address`, `password`, `first_name`, `last_name`, `phone_number`, `created_at`, `updated_at`) VALUES (:email_address:, :password:, :first_name:, :last_name:, :phone_number:, :created_at:, :updated_at:)', [...], false)
 2 SYSTEMPATH\Model.php(326): CodeIgniter\Database\BaseBuilder->insert()
 3 SYSTEMPATH\BaseModel.php(802): CodeIgniter\Model->doInsert([...])
 4 SYSTEMPATH\Model.php(744): CodeIgniter\BaseModel->insert([...], true)
 5 APPPATH\Controllers\user.php(50): CodeIgniter\Model->insert([...])
 6 SYSTEMPATH\CodeIgniter.php(941): App\Controllers\User->registration()
 7 SYSTEMPATH\CodeIgniter.php(502): CodeIgniter\CodeIgniter->runController(Object(App\Controllers\User))
 8 SYSTEMPATH\CodeIgniter.php(361): CodeIgniter\CodeIgniter->handleRequest(null, Object(Config\Cache), false)
 9 FCPATH\index.php(79): CodeIgniter\CodeIgniter->run()
10 SYSTEMPATH\Commands\Server\rewrite.php(47): require_once('C:\\wamp64\\www\\KosherKare\\public\\index.php')
CRITICAL - 2024-02-08 19:57:04 --> [Caused by] CodeIgniter\Database\Exceptions\DatabaseException: Le champ 'email_address' ne peut être vide (null)
in SYSTEMPATH\Database\MySQLi\Connection.php on line 311.
 1 SYSTEMPATH\Database\BaseConnection.php(693): CodeIgniter\Database\MySQLi\Connection->execute('INSERT INTO `users` (`email_address`, `password`, `first_name`, `last_name`, `phone_number`, `created_at`, `updated_at`) VALUES (NULL, \'bjbf,\', NULL, NULL, NULL, \'2024-02-08 19:57:04\', \'2024-02-08 19:57:04\')')
 2 SYSTEMPATH\Database\BaseConnection.php(607): CodeIgniter\Database\BaseConnection->simpleQuery('INSERT INTO `users` (`email_address`, `password`, `first_name`, `last_name`, `phone_number`, `created_at`, `updated_at`) VALUES (NULL, \'bjbf,\', NULL, NULL, NULL, \'2024-02-08 19:57:04\', \'2024-02-08 19:57:04\')')
 3 SYSTEMPATH\Database\BaseBuilder.php(2307): CodeIgniter\Database\BaseConnection->query('INSERT INTO `users` (`email_address`, `password`, `first_name`, `last_name`, `phone_number`, `created_at`, `updated_at`) VALUES (:email_address:, :password:, :first_name:, :last_name:, :phone_number:, :created_at:, :updated_at:)', [...], false)
 4 SYSTEMPATH\Model.php(326): CodeIgniter\Database\BaseBuilder->insert()
 5 SYSTEMPATH\BaseModel.php(802): CodeIgniter\Model->doInsert([...])
 6 SYSTEMPATH\Model.php(744): CodeIgniter\BaseModel->insert([...], true)
 7 APPPATH\Controllers\user.php(50): CodeIgniter\Model->insert([...])
 8 SYSTEMPATH\CodeIgniter.php(941): App\Controllers\User->registration()
 9 SYSTEMPATH\CodeIgniter.php(502): CodeIgniter\CodeIgniter->runController(Object(App\Controllers\User))
10 SYSTEMPATH\CodeIgniter.php(361): CodeIgniter\CodeIgniter->handleRequest(null, Object(Config\Cache), false)
11 FCPATH\index.php(79): CodeIgniter\CodeIgniter->run()
12 SYSTEMPATH\Commands\Server\rewrite.php(47): require_once('C:\\wamp64\\www\\KosherKare\\public\\index.php')
CRITICAL - 2024-02-08 19:57:04 --> [Caused by] mysqli_sql_exception: Le champ 'email_address' ne peut être vide (null)
in SYSTEMPATH\Database\MySQLi\Connection.php on line 306.
 1 SYSTEMPATH\Database\MySQLi\Connection.php(306): mysqli->query('INSERT INTO `users` (`email_address`, `password`, `first_name`, `last_name`, `phone_number`, `created_at`, `updated_at`) VALUES (NULL, \'bjbf,\', NULL, NULL, NULL, \'2024-02-08 19:57:04\', \'2024-02-08 19:57:04\')', 0)
 2 SYSTEMPATH\Database\BaseConnection.php(693): CodeIgniter\Database\MySQLi\Connection->execute('INSERT INTO `users` (`email_address`, `password`, `first_name`, `last_name`, `phone_number`, `created_at`, `updated_at`) VALUES (NULL, \'bjbf,\', NULL, NULL, NULL, \'2024-02-08 19:57:04\', \'2024-02-08 19:57:04\')')
 3 SYSTEMPATH\Database\BaseConnection.php(607): CodeIgniter\Database\BaseConnection->simpleQuery('INSERT INTO `users` (`email_address`, `password`, `first_name`, `last_name`, `phone_number`, `created_at`, `updated_at`) VALUES (NULL, \'bjbf,\', NULL, NULL, NULL, \'2024-02-08 19:57:04\', \'2024-02-08 19:57:04\')')
 4 SYSTEMPATH\Database\BaseBuilder.php(2307): CodeIgniter\Database\BaseConnection->query('INSERT INTO `users` (`email_address`, `password`, `first_name`, `last_name`, `phone_number`, `created_at`, `updated_at`) VALUES (:email_address:, :password:, :first_name:, :last_name:, :phone_number:, :created_at:, :updated_at:)', [...], false)
 5 SYSTEMPATH\Model.php(326): CodeIgniter\Database\BaseBuilder->insert()
 6 SYSTEMPATH\BaseModel.php(802): CodeIgniter\Model->doInsert([...])
 7 SYSTEMPATH\Model.php(744): CodeIgniter\BaseModel->insert([...], true)
 8 APPPATH\Controllers\user.php(50): CodeIgniter\Model->insert([...])
 9 SYSTEMPATH\CodeIgniter.php(941): App\Controllers\User->registration()
10 SYSTEMPATH\CodeIgniter.php(502): CodeIgniter\CodeIgniter->runController(Object(App\Controllers\User))
11 SYSTEMPATH\CodeIgniter.php(361): CodeIgniter\CodeIgniter->handleRequest(null, Object(Config\Cache), false)
12 FCPATH\index.php(79): CodeIgniter\CodeIgniter->run()
13 SYSTEMPATH\Commands\Server\rewrite.php(47): require_once('C:\\wamp64\\www\\KosherKare\\public\\index.php')
