ERROR - 2024-02-09 08:34:28 --> mysqli_sql_exception: Le champ 'email_address' ne peut être vide (null) in C:\wamp64\www\KosherKare\system\Database\MySQLi\Connection.php:306
Stack trace:
#0 C:\wamp64\www\KosherKare\system\Database\MySQLi\Connection.php(306): mysqli->query('INSERT INTO `us...', 0)
#1 C:\wamp64\www\KosherKare\system\Database\BaseConnection.php(693): CodeIgniter\Database\MySQLi\Connection->execute('INSERT INTO `us...')
#2 C:\wamp64\www\KosherKare\system\Database\BaseConnection.php(607): CodeIgniter\Database\BaseConnection->simpleQuery('INSERT INTO `us...')
#3 C:\wamp64\www\KosherKare\system\Database\BaseBuilder.php(2307): CodeIgniter\Database\BaseConnection->query('INSERT INTO `us...', Array, false)
#4 C:\wamp64\www\KosherKare\system\Model.php(326): CodeIgniter\Database\BaseBuilder->insert()
#5 C:\wamp64\www\KosherKare\system\BaseModel.php(802): CodeIgniter\Model->doInsert(Array)
#6 C:\wamp64\www\KosherKare\system\Model.php(744): CodeIgniter\BaseModel->insert(Array, true)
#7 C:\wamp64\www\KosherKare\app\Controllers\user.php(49): CodeIgniter\Model->insert(Array)
#8 C:\wamp64\www\KosherKare\system\CodeIgniter.php(941): App\Controllers\User->registration()
#9 C:\wamp64\www\KosherKare\system\CodeIgniter.php(502): CodeIgniter\CodeIgniter->runController(Object(App\Controllers\User))
#10 C:\wamp64\www\KosherKare\system\CodeIgniter.php(361): CodeIgniter\CodeIgniter->handleRequest(NULL, Object(Config\Cache), false)
#11 C:\wamp64\www\KosherKare\public\index.php(79): CodeIgniter\CodeIgniter->run()
#12 C:\wamp64\www\KosherKare\system\Commands\Server\rewrite.php(47): require_once('C:\\wamp64\\www\\K...')
#13 {main}
CRITICAL - 2024-02-09 08:34:28 --> CodeIgniter\Database\Exceptions\DatabaseException: Le champ 'email_address' ne peut être vide (null)
in SYSTEMPATH\Database\BaseConnection.php on line 647.
 1 SYSTEMPATH\Database\BaseBuilder.php(2307): CodeIgniter\Database\BaseConnection->query('INSERT INTO `users` (`email_address`, `password`, `first_name`, `last_name`, `phone_number`, `created_at`, `updated_at`) VALUES (:email_address:, :password:, :first_name:, :last_name:, :phone_number:, :created_at:, :updated_at:)', [...], false)
 2 SYSTEMPATH\Model.php(326): CodeIgniter\Database\BaseBuilder->insert()
 3 SYSTEMPATH\BaseModel.php(802): CodeIgniter\Model->doInsert([...])
 4 SYSTEMPATH\Model.php(744): CodeIgniter\BaseModel->insert([...], true)
 5 APPPATH\Controllers\user.php(49): CodeIgniter\Model->insert([...])
 6 SYSTEMPATH\CodeIgniter.php(941): App\Controllers\User->registration()
 7 SYSTEMPATH\CodeIgniter.php(502): CodeIgniter\CodeIgniter->runController(Object(App\Controllers\User))
 8 SYSTEMPATH\CodeIgniter.php(361): CodeIgniter\CodeIgniter->handleRequest(null, Object(Config\Cache), false)
 9 FCPATH\index.php(79): CodeIgniter\CodeIgniter->run()
10 SYSTEMPATH\Commands\Server\rewrite.php(47): require_once('C:\\wamp64\\www\\KosherKare\\public\\index.php')
CRITICAL - 2024-02-09 08:34:28 --> [Caused by] CodeIgniter\Database\Exceptions\DatabaseException: Le champ 'email_address' ne peut être vide (null)
in SYSTEMPATH\Database\MySQLi\Connection.php on line 311.
 1 SYSTEMPATH\Database\BaseConnection.php(693): CodeIgniter\Database\MySQLi\Connection->execute('INSERT INTO `users` (`email_address`, `password`, `first_name`, `last_name`, `phone_number`, `created_at`, `updated_at`) VALUES (NULL, \'bjbf,\', NULL, NULL, NULL, \'2024-02-09 08:34:28\', \'2024-02-09 08:34:28\')')
 2 SYSTEMPATH\Database\BaseConnection.php(607): CodeIgniter\Database\BaseConnection->simpleQuery('INSERT INTO `users` (`email_address`, `password`, `first_name`, `last_name`, `phone_number`, `created_at`, `updated_at`) VALUES (NULL, \'bjbf,\', NULL, NULL, NULL, \'2024-02-09 08:34:28\', \'2024-02-09 08:34:28\')')
 3 SYSTEMPATH\Database\BaseBuilder.php(2307): CodeIgniter\Database\BaseConnection->query('INSERT INTO `users` (`email_address`, `password`, `first_name`, `last_name`, `phone_number`, `created_at`, `updated_at`) VALUES (:email_address:, :password:, :first_name:, :last_name:, :phone_number:, :created_at:, :updated_at:)', [...], false)
 4 SYSTEMPATH\Model.php(326): CodeIgniter\Database\BaseBuilder->insert()
 5 SYSTEMPATH\BaseModel.php(802): CodeIgniter\Model->doInsert([...])
 6 SYSTEMPATH\Model.php(744): CodeIgniter\BaseModel->insert([...], true)
 7 APPPATH\Controllers\user.php(49): CodeIgniter\Model->insert([...])
 8 SYSTEMPATH\CodeIgniter.php(941): App\Controllers\User->registration()
 9 SYSTEMPATH\CodeIgniter.php(502): CodeIgniter\CodeIgniter->runController(Object(App\Controllers\User))
10 SYSTEMPATH\CodeIgniter.php(361): CodeIgniter\CodeIgniter->handleRequest(null, Object(Config\Cache), false)
11 FCPATH\index.php(79): CodeIgniter\CodeIgniter->run()
12 SYSTEMPATH\Commands\Server\rewrite.php(47): require_once('C:\\wamp64\\www\\KosherKare\\public\\index.php')
CRITICAL - 2024-02-09 08:34:28 --> [Caused by] mysqli_sql_exception: Le champ 'email_address' ne peut être vide (null)
in SYSTEMPATH\Database\MySQLi\Connection.php on line 306.
 1 SYSTEMPATH\Database\MySQLi\Connection.php(306): mysqli->query('INSERT INTO `users` (`email_address`, `password`, `first_name`, `last_name`, `phone_number`, `created_at`, `updated_at`) VALUES (NULL, \'bjbf,\', NULL, NULL, NULL, \'2024-02-09 08:34:28\', \'2024-02-09 08:34:28\')', 0)
 2 SYSTEMPATH\Database\BaseConnection.php(693): CodeIgniter\Database\MySQLi\Connection->execute('INSERT INTO `users` (`email_address`, `password`, `first_name`, `last_name`, `phone_number`, `created_at`, `updated_at`) VALUES (NULL, \'bjbf,\', NULL, NULL, NULL, \'2024-02-09 08:34:28\', \'2024-02-09 08:34:28\')')
 3 SYSTEMPATH\Database\BaseConnection.php(607): CodeIgniter\Database\BaseConnection->simpleQuery('INSERT INTO `users` (`email_address`, `password`, `first_name`, `last_name`, `phone_number`, `created_at`, `updated_at`) VALUES (NULL, \'bjbf,\', NULL, NULL, NULL, \'2024-02-09 08:34:28\', \'2024-02-09 08:34:28\')')
 4 SYSTEMPATH\Database\BaseBuilder.php(2307): CodeIgniter\Database\BaseConnection->query('INSERT INTO `users` (`email_address`, `password`, `first_name`, `last_name`, `phone_number`, `created_at`, `updated_at`) VALUES (:email_address:, :password:, :first_name:, :last_name:, :phone_number:, :created_at:, :updated_at:)', [...], false)
 5 SYSTEMPATH\Model.php(326): CodeIgniter\Database\BaseBuilder->insert()
 6 SYSTEMPATH\BaseModel.php(802): CodeIgniter\Model->doInsert([...])
 7 SYSTEMPATH\Model.php(744): CodeIgniter\BaseModel->insert([...], true)
 8 APPPATH\Controllers\user.php(49): CodeIgniter\Model->insert([...])
 9 SYSTEMPATH\CodeIgniter.php(941): App\Controllers\User->registration()
10 SYSTEMPATH\CodeIgniter.php(502): CodeIgniter\CodeIgniter->runController(Object(App\Controllers\User))
11 SYSTEMPATH\CodeIgniter.php(361): CodeIgniter\CodeIgniter->handleRequest(null, Object(Config\Cache), false)
12 FCPATH\index.php(79): CodeIgniter\CodeIgniter->run()
13 SYSTEMPATH\Commands\Server\rewrite.php(47): require_once('C:\\wamp64\\www\\KosherKare\\public\\index.php')
ERROR - 2024-02-09 08:34:42 --> mysqli_sql_exception: Le champ 'email_address' ne peut être vide (null) in C:\wamp64\www\KosherKare\system\Database\MySQLi\Connection.php:306
Stack trace:
#0 C:\wamp64\www\KosherKare\system\Database\MySQLi\Connection.php(306): mysqli->query('INSERT INTO `us...', 0)
#1 C:\wamp64\www\KosherKare\system\Database\BaseConnection.php(693): CodeIgniter\Database\MySQLi\Connection->execute('INSERT INTO `us...')
#2 C:\wamp64\www\KosherKare\system\Database\BaseConnection.php(607): CodeIgniter\Database\BaseConnection->simpleQuery('INSERT INTO `us...')
#3 C:\wamp64\www\KosherKare\system\Database\BaseBuilder.php(2307): CodeIgniter\Database\BaseConnection->query('INSERT INTO `us...', Array, false)
#4 C:\wamp64\www\KosherKare\system\Model.php(326): CodeIgniter\Database\BaseBuilder->insert()
#5 C:\wamp64\www\KosherKare\system\BaseModel.php(802): CodeIgniter\Model->doInsert(Array)
#6 C:\wamp64\www\KosherKare\system\Model.php(744): CodeIgniter\BaseModel->insert(Array, true)
#7 C:\wamp64\www\KosherKare\app\Controllers\user.php(49): CodeIgniter\Model->insert(Array)
#8 C:\wamp64\www\KosherKare\system\CodeIgniter.php(941): App\Controllers\User->registration()
#9 C:\wamp64\www\KosherKare\system\CodeIgniter.php(502): CodeIgniter\CodeIgniter->runController(Object(App\Controllers\User))
#10 C:\wamp64\www\KosherKare\system\CodeIgniter.php(361): CodeIgniter\CodeIgniter->handleRequest(NULL, Object(Config\Cache), false)
#11 C:\wamp64\www\KosherKare\public\index.php(79): CodeIgniter\CodeIgniter->run()
#12 C:\wamp64\www\KosherKare\system\Commands\Server\rewrite.php(47): require_once('C:\\wamp64\\www\\K...')
#13 {main}
CRITICAL - 2024-02-09 08:34:42 --> CodeIgniter\Database\Exceptions\DatabaseException: Le champ 'email_address' ne peut être vide (null)
in SYSTEMPATH\Database\BaseConnection.php on line 647.
 1 SYSTEMPATH\Database\BaseBuilder.php(2307): CodeIgniter\Database\BaseConnection->query('INSERT INTO `users` (`email_address`, `password`, `first_name`, `last_name`, `phone_number`, `created_at`, `updated_at`) VALUES (:email_address:, :password:, :first_name:, :last_name:, :phone_number:, :created_at:, :updated_at:)', [...], false)
 2 SYSTEMPATH\Model.php(326): CodeIgniter\Database\BaseBuilder->insert()
 3 SYSTEMPATH\BaseModel.php(802): CodeIgniter\Model->doInsert([...])
 4 SYSTEMPATH\Model.php(744): CodeIgniter\BaseModel->insert([...], true)
 5 APPPATH\Controllers\user.php(49): CodeIgniter\Model->insert([...])
 6 SYSTEMPATH\CodeIgniter.php(941): App\Controllers\User->registration()
 7 SYSTEMPATH\CodeIgniter.php(502): CodeIgniter\CodeIgniter->runController(Object(App\Controllers\User))
 8 SYSTEMPATH\CodeIgniter.php(361): CodeIgniter\CodeIgniter->handleRequest(null, Object(Config\Cache), false)
 9 FCPATH\index.php(79): CodeIgniter\CodeIgniter->run()
10 SYSTEMPATH\Commands\Server\rewrite.php(47): require_once('C:\\wamp64\\www\\KosherKare\\public\\index.php')
CRITICAL - 2024-02-09 08:34:42 --> [Caused by] CodeIgniter\Database\Exceptions\DatabaseException: Le champ 'email_address' ne peut être vide (null)
in SYSTEMPATH\Database\MySQLi\Connection.php on line 311.
 1 SYSTEMPATH\Database\BaseConnection.php(693): CodeIgniter\Database\MySQLi\Connection->execute('INSERT INTO `users` (`email_address`, `password`, `first_name`, `last_name`, `phone_number`, `created_at`, `updated_at`) VALUES (NULL, \'bjbf,\', NULL, NULL, NULL, \'2024-02-09 08:34:42\', \'2024-02-09 08:34:42\')')
 2 SYSTEMPATH\Database\BaseConnection.php(607): CodeIgniter\Database\BaseConnection->simpleQuery('INSERT INTO `users` (`email_address`, `password`, `first_name`, `last_name`, `phone_number`, `created_at`, `updated_at`) VALUES (NULL, \'bjbf,\', NULL, NULL, NULL, \'2024-02-09 08:34:42\', \'2024-02-09 08:34:42\')')
 3 SYSTEMPATH\Database\BaseBuilder.php(2307): CodeIgniter\Database\BaseConnection->query('INSERT INTO `users` (`email_address`, `password`, `first_name`, `last_name`, `phone_number`, `created_at`, `updated_at`) VALUES (:email_address:, :password:, :first_name:, :last_name:, :phone_number:, :created_at:, :updated_at:)', [...], false)
 4 SYSTEMPATH\Model.php(326): CodeIgniter\Database\BaseBuilder->insert()
 5 SYSTEMPATH\BaseModel.php(802): CodeIgniter\Model->doInsert([...])
 6 SYSTEMPATH\Model.php(744): CodeIgniter\BaseModel->insert([...], true)
 7 APPPATH\Controllers\user.php(49): CodeIgniter\Model->insert([...])
 8 SYSTEMPATH\CodeIgniter.php(941): App\Controllers\User->registration()
 9 SYSTEMPATH\CodeIgniter.php(502): CodeIgniter\CodeIgniter->runController(Object(App\Controllers\User))
10 SYSTEMPATH\CodeIgniter.php(361): CodeIgniter\CodeIgniter->handleRequest(null, Object(Config\Cache), false)
11 FCPATH\index.php(79): CodeIgniter\CodeIgniter->run()
12 SYSTEMPATH\Commands\Server\rewrite.php(47): require_once('C:\\wamp64\\www\\KosherKare\\public\\index.php')
CRITICAL - 2024-02-09 08:34:42 --> [Caused by] mysqli_sql_exception: Le champ 'email_address' ne peut être vide (null)
in SYSTEMPATH\Database\MySQLi\Connection.php on line 306.
 1 SYSTEMPATH\Database\MySQLi\Connection.php(306): mysqli->query('INSERT INTO `users` (`email_address`, `password`, `first_name`, `last_name`, `phone_number`, `created_at`, `updated_at`) VALUES (NULL, \'bjbf,\', NULL, NULL, NULL, \'2024-02-09 08:34:42\', \'2024-02-09 08:34:42\')', 0)
 2 SYSTEMPATH\Database\BaseConnection.php(693): CodeIgniter\Database\MySQLi\Connection->execute('INSERT INTO `users` (`email_address`, `password`, `first_name`, `last_name`, `phone_number`, `created_at`, `updated_at`) VALUES (NULL, \'bjbf,\', NULL, NULL, NULL, \'2024-02-09 08:34:42\', \'2024-02-09 08:34:42\')')
 3 SYSTEMPATH\Database\BaseConnection.php(607): CodeIgniter\Database\BaseConnection->simpleQuery('INSERT INTO `users` (`email_address`, `password`, `first_name`, `last_name`, `phone_number`, `created_at`, `updated_at`) VALUES (NULL, \'bjbf,\', NULL, NULL, NULL, \'2024-02-09 08:34:42\', \'2024-02-09 08:34:42\')')
 4 SYSTEMPATH\Database\BaseBuilder.php(2307): CodeIgniter\Database\BaseConnection->query('INSERT INTO `users` (`email_address`, `password`, `first_name`, `last_name`, `phone_number`, `created_at`, `updated_at`) VALUES (:email_address:, :password:, :first_name:, :last_name:, :phone_number:, :created_at:, :updated_at:)', [...], false)
 5 SYSTEMPATH\Model.php(326): CodeIgniter\Database\BaseBuilder->insert()
 6 SYSTEMPATH\BaseModel.php(802): CodeIgniter\Model->doInsert([...])
 7 SYSTEMPATH\Model.php(744): CodeIgniter\BaseModel->insert([...], true)
 8 APPPATH\Controllers\user.php(49): CodeIgniter\Model->insert([...])
 9 SYSTEMPATH\CodeIgniter.php(941): App\Controllers\User->registration()
10 SYSTEMPATH\CodeIgniter.php(502): CodeIgniter\CodeIgniter->runController(Object(App\Controllers\User))
11 SYSTEMPATH\CodeIgniter.php(361): CodeIgniter\CodeIgniter->handleRequest(null, Object(Config\Cache), false)
12 FCPATH\index.php(79): CodeIgniter\CodeIgniter->run()
13 SYSTEMPATH\Commands\Server\rewrite.php(47): require_once('C:\\wamp64\\www\\KosherKare\\public\\index.php')
ERROR - 2024-02-09 08:34:55 --> mysqli_sql_exception: Le champ 'email_address' ne peut être vide (null) in C:\wamp64\www\KosherKare\system\Database\MySQLi\Connection.php:306
Stack trace:
#0 C:\wamp64\www\KosherKare\system\Database\MySQLi\Connection.php(306): mysqli->query('INSERT INTO `us...', 0)
#1 C:\wamp64\www\KosherKare\system\Database\BaseConnection.php(693): CodeIgniter\Database\MySQLi\Connection->execute('INSERT INTO `us...')
#2 C:\wamp64\www\KosherKare\system\Database\BaseConnection.php(607): CodeIgniter\Database\BaseConnection->simpleQuery('INSERT INTO `us...')
#3 C:\wamp64\www\KosherKare\system\Database\BaseBuilder.php(2307): CodeIgniter\Database\BaseConnection->query('INSERT INTO `us...', Array, false)
#4 C:\wamp64\www\KosherKare\system\Model.php(326): CodeIgniter\Database\BaseBuilder->insert()
#5 C:\wamp64\www\KosherKare\system\BaseModel.php(802): CodeIgniter\Model->doInsert(Array)
#6 C:\wamp64\www\KosherKare\system\Model.php(744): CodeIgniter\BaseModel->insert(Array, true)
#7 C:\wamp64\www\KosherKare\app\Controllers\user.php(49): CodeIgniter\Model->insert(Array)
#8 C:\wamp64\www\KosherKare\system\CodeIgniter.php(941): App\Controllers\User->registration()
#9 C:\wamp64\www\KosherKare\system\CodeIgniter.php(502): CodeIgniter\CodeIgniter->runController(Object(App\Controllers\User))
#10 C:\wamp64\www\KosherKare\system\CodeIgniter.php(361): CodeIgniter\CodeIgniter->handleRequest(NULL, Object(Config\Cache), false)
#11 C:\wamp64\www\KosherKare\public\index.php(79): CodeIgniter\CodeIgniter->run()
#12 C:\wamp64\www\KosherKare\system\Commands\Server\rewrite.php(47): require_once('C:\\wamp64\\www\\K...')
#13 {main}
CRITICAL - 2024-02-09 08:34:55 --> CodeIgniter\Database\Exceptions\DatabaseException: Le champ 'email_address' ne peut être vide (null)
in SYSTEMPATH\Database\BaseConnection.php on line 647.
 1 SYSTEMPATH\Database\BaseBuilder.php(2307): CodeIgniter\Database\BaseConnection->query('INSERT INTO `users` (`email_address`, `password`, `first_name`, `last_name`, `phone_number`, `created_at`, `updated_at`) VALUES (:email_address:, :password:, :first_name:, :last_name:, :phone_number:, :created_at:, :updated_at:)', [...], false)
 2 SYSTEMPATH\Model.php(326): CodeIgniter\Database\BaseBuilder->insert()
 3 SYSTEMPATH\BaseModel.php(802): CodeIgniter\Model->doInsert([...])
 4 SYSTEMPATH\Model.php(744): CodeIgniter\BaseModel->insert([...], true)
 5 APPPATH\Controllers\user.php(49): CodeIgniter\Model->insert([...])
 6 SYSTEMPATH\CodeIgniter.php(941): App\Controllers\User->registration()
 7 SYSTEMPATH\CodeIgniter.php(502): CodeIgniter\CodeIgniter->runController(Object(App\Controllers\User))
 8 SYSTEMPATH\CodeIgniter.php(361): CodeIgniter\CodeIgniter->handleRequest(null, Object(Config\Cache), false)
 9 FCPATH\index.php(79): CodeIgniter\CodeIgniter->run()
10 SYSTEMPATH\Commands\Server\rewrite.php(47): require_once('C:\\wamp64\\www\\KosherKare\\public\\index.php')
CRITICAL - 2024-02-09 08:34:55 --> [Caused by] CodeIgniter\Database\Exceptions\DatabaseException: Le champ 'email_address' ne peut être vide (null)
in SYSTEMPATH\Database\MySQLi\Connection.php on line 311.
 1 SYSTEMPATH\Database\BaseConnection.php(693): CodeIgniter\Database\MySQLi\Connection->execute('INSERT INTO `users` (`email_address`, `password`, `first_name`, `last_name`, `phone_number`, `created_at`, `updated_at`) VALUES (NULL, \'bjbf,\', NULL, NULL, NULL, \'2024-02-09 08:34:55\', \'2024-02-09 08:34:55\')')
 2 SYSTEMPATH\Database\BaseConnection.php(607): CodeIgniter\Database\BaseConnection->simpleQuery('INSERT INTO `users` (`email_address`, `password`, `first_name`, `last_name`, `phone_number`, `created_at`, `updated_at`) VALUES (NULL, \'bjbf,\', NULL, NULL, NULL, \'2024-02-09 08:34:55\', \'2024-02-09 08:34:55\')')
 3 SYSTEMPATH\Database\BaseBuilder.php(2307): CodeIgniter\Database\BaseConnection->query('INSERT INTO `users` (`email_address`, `password`, `first_name`, `last_name`, `phone_number`, `created_at`, `updated_at`) VALUES (:email_address:, :password:, :first_name:, :last_name:, :phone_number:, :created_at:, :updated_at:)', [...], false)
 4 SYSTEMPATH\Model.php(326): CodeIgniter\Database\BaseBuilder->insert()
 5 SYSTEMPATH\BaseModel.php(802): CodeIgniter\Model->doInsert([...])
 6 SYSTEMPATH\Model.php(744): CodeIgniter\BaseModel->insert([...], true)
 7 APPPATH\Controllers\user.php(49): CodeIgniter\Model->insert([...])
 8 SYSTEMPATH\CodeIgniter.php(941): App\Controllers\User->registration()
 9 SYSTEMPATH\CodeIgniter.php(502): CodeIgniter\CodeIgniter->runController(Object(App\Controllers\User))
10 SYSTEMPATH\CodeIgniter.php(361): CodeIgniter\CodeIgniter->handleRequest(null, Object(Config\Cache), false)
11 FCPATH\index.php(79): CodeIgniter\CodeIgniter->run()
12 SYSTEMPATH\Commands\Server\rewrite.php(47): require_once('C:\\wamp64\\www\\KosherKare\\public\\index.php')
CRITICAL - 2024-02-09 08:34:55 --> [Caused by] mysqli_sql_exception: Le champ 'email_address' ne peut être vide (null)
in SYSTEMPATH\Database\MySQLi\Connection.php on line 306.
 1 SYSTEMPATH\Database\MySQLi\Connection.php(306): mysqli->query('INSERT INTO `users` (`email_address`, `password`, `first_name`, `last_name`, `phone_number`, `created_at`, `updated_at`) VALUES (NULL, \'bjbf,\', NULL, NULL, NULL, \'2024-02-09 08:34:55\', \'2024-02-09 08:34:55\')', 0)
 2 SYSTEMPATH\Database\BaseConnection.php(693): CodeIgniter\Database\MySQLi\Connection->execute('INSERT INTO `users` (`email_address`, `password`, `first_name`, `last_name`, `phone_number`, `created_at`, `updated_at`) VALUES (NULL, \'bjbf,\', NULL, NULL, NULL, \'2024-02-09 08:34:55\', \'2024-02-09 08:34:55\')')
 3 SYSTEMPATH\Database\BaseConnection.php(607): CodeIgniter\Database\BaseConnection->simpleQuery('INSERT INTO `users` (`email_address`, `password`, `first_name`, `last_name`, `phone_number`, `created_at`, `updated_at`) VALUES (NULL, \'bjbf,\', NULL, NULL, NULL, \'2024-02-09 08:34:55\', \'2024-02-09 08:34:55\')')
 4 SYSTEMPATH\Database\BaseBuilder.php(2307): CodeIgniter\Database\BaseConnection->query('INSERT INTO `users` (`email_address`, `password`, `first_name`, `last_name`, `phone_number`, `created_at`, `updated_at`) VALUES (:email_address:, :password:, :first_name:, :last_name:, :phone_number:, :created_at:, :updated_at:)', [...], false)
 5 SYSTEMPATH\Model.php(326): CodeIgniter\Database\BaseBuilder->insert()
 6 SYSTEMPATH\BaseModel.php(802): CodeIgniter\Model->doInsert([...])
 7 SYSTEMPATH\Model.php(744): CodeIgniter\BaseModel->insert([...], true)
 8 APPPATH\Controllers\user.php(49): CodeIgniter\Model->insert([...])
 9 SYSTEMPATH\CodeIgniter.php(941): App\Controllers\User->registration()
10 SYSTEMPATH\CodeIgniter.php(502): CodeIgniter\CodeIgniter->runController(Object(App\Controllers\User))
11 SYSTEMPATH\CodeIgniter.php(361): CodeIgniter\CodeIgniter->handleRequest(null, Object(Config\Cache), false)
12 FCPATH\index.php(79): CodeIgniter\CodeIgniter->run()
13 SYSTEMPATH\Commands\Server\rewrite.php(47): require_once('C:\\wamp64\\www\\KosherKare\\public\\index.php')
ERROR - 2024-02-09 08:35:23 --> mysqli_sql_exception: Le champ 'email_address' ne peut être vide (null) in C:\wamp64\www\KosherKare\system\Database\MySQLi\Connection.php:306
Stack trace:
#0 C:\wamp64\www\KosherKare\system\Database\MySQLi\Connection.php(306): mysqli->query('INSERT INTO `us...', 0)
#1 C:\wamp64\www\KosherKare\system\Database\BaseConnection.php(693): CodeIgniter\Database\MySQLi\Connection->execute('INSERT INTO `us...')
#2 C:\wamp64\www\KosherKare\system\Database\BaseConnection.php(607): CodeIgniter\Database\BaseConnection->simpleQuery('INSERT INTO `us...')
#3 C:\wamp64\www\KosherKare\system\Database\BaseBuilder.php(2307): CodeIgniter\Database\BaseConnection->query('INSERT INTO `us...', Array, false)
#4 C:\wamp64\www\KosherKare\system\Model.php(326): CodeIgniter\Database\BaseBuilder->insert()
#5 C:\wamp64\www\KosherKare\system\BaseModel.php(802): CodeIgniter\Model->doInsert(Array)
#6 C:\wamp64\www\KosherKare\system\Model.php(744): CodeIgniter\BaseModel->insert(Array, true)
#7 C:\wamp64\www\KosherKare\app\Controllers\user.php(49): CodeIgniter\Model->insert(Array)
#8 C:\wamp64\www\KosherKare\system\CodeIgniter.php(941): App\Controllers\User->registration()
#9 C:\wamp64\www\KosherKare\system\CodeIgniter.php(502): CodeIgniter\CodeIgniter->runController(Object(App\Controllers\User))
#10 C:\wamp64\www\KosherKare\system\CodeIgniter.php(361): CodeIgniter\CodeIgniter->handleRequest(NULL, Object(Config\Cache), false)
#11 C:\wamp64\www\KosherKare\public\index.php(79): CodeIgniter\CodeIgniter->run()
#12 C:\wamp64\www\KosherKare\system\Commands\Server\rewrite.php(47): require_once('C:\\wamp64\\www\\K...')
#13 {main}
CRITICAL - 2024-02-09 08:35:23 --> CodeIgniter\Database\Exceptions\DatabaseException: Le champ 'email_address' ne peut être vide (null)
in SYSTEMPATH\Database\BaseConnection.php on line 647.
 1 SYSTEMPATH\Database\BaseBuilder.php(2307): CodeIgniter\Database\BaseConnection->query('INSERT INTO `users` (`email_address`, `password`, `first_name`, `last_name`, `phone_number`, `created_at`, `updated_at`) VALUES (:email_address:, :password:, :first_name:, :last_name:, :phone_number:, :created_at:, :updated_at:)', [...], false)
 2 SYSTEMPATH\Model.php(326): CodeIgniter\Database\BaseBuilder->insert()
 3 SYSTEMPATH\BaseModel.php(802): CodeIgniter\Model->doInsert([...])
 4 SYSTEMPATH\Model.php(744): CodeIgniter\BaseModel->insert([...], true)
 5 APPPATH\Controllers\user.php(49): CodeIgniter\Model->insert([...])
 6 SYSTEMPATH\CodeIgniter.php(941): App\Controllers\User->registration()
 7 SYSTEMPATH\CodeIgniter.php(502): CodeIgniter\CodeIgniter->runController(Object(App\Controllers\User))
 8 SYSTEMPATH\CodeIgniter.php(361): CodeIgniter\CodeIgniter->handleRequest(null, Object(Config\Cache), false)
 9 FCPATH\index.php(79): CodeIgniter\CodeIgniter->run()
10 SYSTEMPATH\Commands\Server\rewrite.php(47): require_once('C:\\wamp64\\www\\KosherKare\\public\\index.php')
CRITICAL - 2024-02-09 08:35:23 --> [Caused by] CodeIgniter\Database\Exceptions\DatabaseException: Le champ 'email_address' ne peut être vide (null)
in SYSTEMPATH\Database\MySQLi\Connection.php on line 311.
 1 SYSTEMPATH\Database\BaseConnection.php(693): CodeIgniter\Database\MySQLi\Connection->execute('INSERT INTO `users` (`email_address`, `password`, `first_name`, `last_name`, `phone_number`, `created_at`, `updated_at`) VALUES (NULL, \'bjbf,\', NULL, NULL, NULL, \'2024-02-09 08:35:23\', \'2024-02-09 08:35:23\')')
 2 SYSTEMPATH\Database\BaseConnection.php(607): CodeIgniter\Database\BaseConnection->simpleQuery('INSERT INTO `users` (`email_address`, `password`, `first_name`, `last_name`, `phone_number`, `created_at`, `updated_at`) VALUES (NULL, \'bjbf,\', NULL, NULL, NULL, \'2024-02-09 08:35:23\', \'2024-02-09 08:35:23\')')
 3 SYSTEMPATH\Database\BaseBuilder.php(2307): CodeIgniter\Database\BaseConnection->query('INSERT INTO `users` (`email_address`, `password`, `first_name`, `last_name`, `phone_number`, `created_at`, `updated_at`) VALUES (:email_address:, :password:, :first_name:, :last_name:, :phone_number:, :created_at:, :updated_at:)', [...], false)
 4 SYSTEMPATH\Model.php(326): CodeIgniter\Database\BaseBuilder->insert()
 5 SYSTEMPATH\BaseModel.php(802): CodeIgniter\Model->doInsert([...])
 6 SYSTEMPATH\Model.php(744): CodeIgniter\BaseModel->insert([...], true)
 7 APPPATH\Controllers\user.php(49): CodeIgniter\Model->insert([...])
 8 SYSTEMPATH\CodeIgniter.php(941): App\Controllers\User->registration()
 9 SYSTEMPATH\CodeIgniter.php(502): CodeIgniter\CodeIgniter->runController(Object(App\Controllers\User))
10 SYSTEMPATH\CodeIgniter.php(361): CodeIgniter\CodeIgniter->handleRequest(null, Object(Config\Cache), false)
11 FCPATH\index.php(79): CodeIgniter\CodeIgniter->run()
12 SYSTEMPATH\Commands\Server\rewrite.php(47): require_once('C:\\wamp64\\www\\KosherKare\\public\\index.php')
CRITICAL - 2024-02-09 08:35:23 --> [Caused by] mysqli_sql_exception: Le champ 'email_address' ne peut être vide (null)
in SYSTEMPATH\Database\MySQLi\Connection.php on line 306.
 1 SYSTEMPATH\Database\MySQLi\Connection.php(306): mysqli->query('INSERT INTO `users` (`email_address`, `password`, `first_name`, `last_name`, `phone_number`, `created_at`, `updated_at`) VALUES (NULL, \'bjbf,\', NULL, NULL, NULL, \'2024-02-09 08:35:23\', \'2024-02-09 08:35:23\')', 0)
 2 SYSTEMPATH\Database\BaseConnection.php(693): CodeIgniter\Database\MySQLi\Connection->execute('INSERT INTO `users` (`email_address`, `password`, `first_name`, `last_name`, `phone_number`, `created_at`, `updated_at`) VALUES (NULL, \'bjbf,\', NULL, NULL, NULL, \'2024-02-09 08:35:23\', \'2024-02-09 08:35:23\')')
 3 SYSTEMPATH\Database\BaseConnection.php(607): CodeIgniter\Database\BaseConnection->simpleQuery('INSERT INTO `users` (`email_address`, `password`, `first_name`, `last_name`, `phone_number`, `created_at`, `updated_at`) VALUES (NULL, \'bjbf,\', NULL, NULL, NULL, \'2024-02-09 08:35:23\', \'2024-02-09 08:35:23\')')
 4 SYSTEMPATH\Database\BaseBuilder.php(2307): CodeIgniter\Database\BaseConnection->query('INSERT INTO `users` (`email_address`, `password`, `first_name`, `last_name`, `phone_number`, `created_at`, `updated_at`) VALUES (:email_address:, :password:, :first_name:, :last_name:, :phone_number:, :created_at:, :updated_at:)', [...], false)
 5 SYSTEMPATH\Model.php(326): CodeIgniter\Database\BaseBuilder->insert()
 6 SYSTEMPATH\BaseModel.php(802): CodeIgniter\Model->doInsert([...])
 7 SYSTEMPATH\Model.php(744): CodeIgniter\BaseModel->insert([...], true)
 8 APPPATH\Controllers\user.php(49): CodeIgniter\Model->insert([...])
 9 SYSTEMPATH\CodeIgniter.php(941): App\Controllers\User->registration()
10 SYSTEMPATH\CodeIgniter.php(502): CodeIgniter\CodeIgniter->runController(Object(App\Controllers\User))
11 SYSTEMPATH\CodeIgniter.php(361): CodeIgniter\CodeIgniter->handleRequest(null, Object(Config\Cache), false)
12 FCPATH\index.php(79): CodeIgniter\CodeIgniter->run()
13 SYSTEMPATH\Commands\Server\rewrite.php(47): require_once('C:\\wamp64\\www\\KosherKare\\public\\index.php')
ERROR - 2024-02-09 09:04:22 --> mysqli_sql_exception: Le champ 'email_address' ne peut être vide (null) in C:\wamp64\www\KosherKare\system\Database\MySQLi\Connection.php:306
Stack trace:
#0 C:\wamp64\www\KosherKare\system\Database\MySQLi\Connection.php(306): mysqli->query('INSERT INTO `us...', 0)
#1 C:\wamp64\www\KosherKare\system\Database\BaseConnection.php(693): CodeIgniter\Database\MySQLi\Connection->execute('INSERT INTO `us...')
#2 C:\wamp64\www\KosherKare\system\Database\BaseConnection.php(607): CodeIgniter\Database\BaseConnection->simpleQuery('INSERT INTO `us...')
#3 C:\wamp64\www\KosherKare\system\Database\BaseBuilder.php(2307): CodeIgniter\Database\BaseConnection->query('INSERT INTO `us...', Array, false)
#4 C:\wamp64\www\KosherKare\system\Model.php(326): CodeIgniter\Database\BaseBuilder->insert()
#5 C:\wamp64\www\KosherKare\system\BaseModel.php(802): CodeIgniter\Model->doInsert(Array)
#6 C:\wamp64\www\KosherKare\system\Model.php(744): CodeIgniter\BaseModel->insert(Array, true)
#7 C:\wamp64\www\KosherKare\app\Controllers\user.php(50): CodeIgniter\Model->insert(Array)
#8 C:\wamp64\www\KosherKare\system\CodeIgniter.php(941): App\Controllers\User->registration()
#9 C:\wamp64\www\KosherKare\system\CodeIgniter.php(502): CodeIgniter\CodeIgniter->runController(Object(App\Controllers\User))
#10 C:\wamp64\www\KosherKare\system\CodeIgniter.php(361): CodeIgniter\CodeIgniter->handleRequest(NULL, Object(Config\Cache), false)
#11 C:\wamp64\www\KosherKare\public\index.php(79): CodeIgniter\CodeIgniter->run()
#12 C:\wamp64\www\KosherKare\system\Commands\Server\rewrite.php(47): require_once('C:\\wamp64\\www\\K...')
#13 {main}
CRITICAL - 2024-02-09 09:04:22 --> CodeIgniter\Database\Exceptions\DatabaseException: Le champ 'email_address' ne peut être vide (null)
in SYSTEMPATH\Database\BaseConnection.php on line 647.
 1 SYSTEMPATH\Database\BaseBuilder.php(2307): CodeIgniter\Database\BaseConnection->query('INSERT INTO `users` (`email_address`, `password`, `first_name`, `last_name`, `phone_number`, `created_at`, `updated_at`) VALUES (:email_address:, :password:, :first_name:, :last_name:, :phone_number:, :created_at:, :updated_at:)', [...], false)
 2 SYSTEMPATH\Model.php(326): CodeIgniter\Database\BaseBuilder->insert()
 3 SYSTEMPATH\BaseModel.php(802): CodeIgniter\Model->doInsert([...])
 4 SYSTEMPATH\Model.php(744): CodeIgniter\BaseModel->insert([...], true)
 5 APPPATH\Controllers\user.php(50): CodeIgniter\Model->insert([...])
 6 SYSTEMPATH\CodeIgniter.php(941): App\Controllers\User->registration()
 7 SYSTEMPATH\CodeIgniter.php(502): CodeIgniter\CodeIgniter->runController(Object(App\Controllers\User))
 8 SYSTEMPATH\CodeIgniter.php(361): CodeIgniter\CodeIgniter->handleRequest(null, Object(Config\Cache), false)
 9 FCPATH\index.php(79): CodeIgniter\CodeIgniter->run()
10 SYSTEMPATH\Commands\Server\rewrite.php(47): require_once('C:\\wamp64\\www\\KosherKare\\public\\index.php')
CRITICAL - 2024-02-09 09:04:22 --> [Caused by] CodeIgniter\Database\Exceptions\DatabaseException: Le champ 'email_address' ne peut être vide (null)
in SYSTEMPATH\Database\MySQLi\Connection.php on line 311.
 1 SYSTEMPATH\Database\BaseConnection.php(693): CodeIgniter\Database\MySQLi\Connection->execute('INSERT INTO `users` (`email_address`, `password`, `first_name`, `last_name`, `phone_number`, `created_at`, `updated_at`) VALUES (NULL, \'bjbf,\', NULL, NULL, NULL, \'2024-02-09 09:04:22\', \'2024-02-09 09:04:22\')')
 2 SYSTEMPATH\Database\BaseConnection.php(607): CodeIgniter\Database\BaseConnection->simpleQuery('INSERT INTO `users` (`email_address`, `password`, `first_name`, `last_name`, `phone_number`, `created_at`, `updated_at`) VALUES (NULL, \'bjbf,\', NULL, NULL, NULL, \'2024-02-09 09:04:22\', \'2024-02-09 09:04:22\')')
 3 SYSTEMPATH\Database\BaseBuilder.php(2307): CodeIgniter\Database\BaseConnection->query('INSERT INTO `users` (`email_address`, `password`, `first_name`, `last_name`, `phone_number`, `created_at`, `updated_at`) VALUES (:email_address:, :password:, :first_name:, :last_name:, :phone_number:, :created_at:, :updated_at:)', [...], false)
 4 SYSTEMPATH\Model.php(326): CodeIgniter\Database\BaseBuilder->insert()
 5 SYSTEMPATH\BaseModel.php(802): CodeIgniter\Model->doInsert([...])
 6 SYSTEMPATH\Model.php(744): CodeIgniter\BaseModel->insert([...], true)
 7 APPPATH\Controllers\user.php(50): CodeIgniter\Model->insert([...])
 8 SYSTEMPATH\CodeIgniter.php(941): App\Controllers\User->registration()
 9 SYSTEMPATH\CodeIgniter.php(502): CodeIgniter\CodeIgniter->runController(Object(App\Controllers\User))
10 SYSTEMPATH\CodeIgniter.php(361): CodeIgniter\CodeIgniter->handleRequest(null, Object(Config\Cache), false)
11 FCPATH\index.php(79): CodeIgniter\CodeIgniter->run()
12 SYSTEMPATH\Commands\Server\rewrite.php(47): require_once('C:\\wamp64\\www\\KosherKare\\public\\index.php')
CRITICAL - 2024-02-09 09:04:22 --> [Caused by] mysqli_sql_exception: Le champ 'email_address' ne peut être vide (null)
in SYSTEMPATH\Database\MySQLi\Connection.php on line 306.
 1 SYSTEMPATH\Database\MySQLi\Connection.php(306): mysqli->query('INSERT INTO `users` (`email_address`, `password`, `first_name`, `last_name`, `phone_number`, `created_at`, `updated_at`) VALUES (NULL, \'bjbf,\', NULL, NULL, NULL, \'2024-02-09 09:04:22\', \'2024-02-09 09:04:22\')', 0)
 2 SYSTEMPATH\Database\BaseConnection.php(693): CodeIgniter\Database\MySQLi\Connection->execute('INSERT INTO `users` (`email_address`, `password`, `first_name`, `last_name`, `phone_number`, `created_at`, `updated_at`) VALUES (NULL, \'bjbf,\', NULL, NULL, NULL, \'2024-02-09 09:04:22\', \'2024-02-09 09:04:22\')')
 3 SYSTEMPATH\Database\BaseConnection.php(607): CodeIgniter\Database\BaseConnection->simpleQuery('INSERT INTO `users` (`email_address`, `password`, `first_name`, `last_name`, `phone_number`, `created_at`, `updated_at`) VALUES (NULL, \'bjbf,\', NULL, NULL, NULL, \'2024-02-09 09:04:22\', \'2024-02-09 09:04:22\')')
 4 SYSTEMPATH\Database\BaseBuilder.php(2307): CodeIgniter\Database\BaseConnection->query('INSERT INTO `users` (`email_address`, `password`, `first_name`, `last_name`, `phone_number`, `created_at`, `updated_at`) VALUES (:email_address:, :password:, :first_name:, :last_name:, :phone_number:, :created_at:, :updated_at:)', [...], false)
 5 SYSTEMPATH\Model.php(326): CodeIgniter\Database\BaseBuilder->insert()
 6 SYSTEMPATH\BaseModel.php(802): CodeIgniter\Model->doInsert([...])
 7 SYSTEMPATH\Model.php(744): CodeIgniter\BaseModel->insert([...], true)
 8 APPPATH\Controllers\user.php(50): CodeIgniter\Model->insert([...])
 9 SYSTEMPATH\CodeIgniter.php(941): App\Controllers\User->registration()
10 SYSTEMPATH\CodeIgniter.php(502): CodeIgniter\CodeIgniter->runController(Object(App\Controllers\User))
11 SYSTEMPATH\CodeIgniter.php(361): CodeIgniter\CodeIgniter->handleRequest(null, Object(Config\Cache), false)
12 FCPATH\index.php(79): CodeIgniter\CodeIgniter->run()
13 SYSTEMPATH\Commands\Server\rewrite.php(47): require_once('C:\\wamp64\\www\\KosherKare\\public\\index.php')
ERROR - 2024-02-09 11:18:24 --> mysqli_sql_exception: Le champ 'email_address' ne peut être vide (null) in C:\wamp64\www\KosherKare\system\Database\MySQLi\Connection.php:306
Stack trace:
#0 C:\wamp64\www\KosherKare\system\Database\MySQLi\Connection.php(306): mysqli->query('INSERT INTO `us...', 0)
#1 C:\wamp64\www\KosherKare\system\Database\BaseConnection.php(693): CodeIgniter\Database\MySQLi\Connection->execute('INSERT INTO `us...')
#2 C:\wamp64\www\KosherKare\system\Database\BaseConnection.php(607): CodeIgniter\Database\BaseConnection->simpleQuery('INSERT INTO `us...')
#3 C:\wamp64\www\KosherKare\system\Database\BaseBuilder.php(2307): CodeIgniter\Database\BaseConnection->query('INSERT INTO `us...', Array, false)
#4 C:\wamp64\www\KosherKare\system\Model.php(326): CodeIgniter\Database\BaseBuilder->insert()
#5 C:\wamp64\www\KosherKare\system\BaseModel.php(802): CodeIgniter\Model->doInsert(Array)
#6 C:\wamp64\www\KosherKare\system\Model.php(744): CodeIgniter\BaseModel->insert(Array, true)
#7 C:\wamp64\www\KosherKare\app\Controllers\user.php(64): CodeIgniter\Model->insert(Array)
#8 C:\wamp64\www\KosherKare\system\CodeIgniter.php(941): App\Controllers\User->registration()
#9 C:\wamp64\www\KosherKare\system\CodeIgniter.php(502): CodeIgniter\CodeIgniter->runController(Object(App\Controllers\User))
#10 C:\wamp64\www\KosherKare\system\CodeIgniter.php(361): CodeIgniter\CodeIgniter->handleRequest(NULL, Object(Config\Cache), false)
#11 C:\wamp64\www\KosherKare\public\index.php(87): CodeIgniter\CodeIgniter->run()
#12 C:\wamp64\www\KosherKare\system\Commands\Server\rewrite.php(47): require_once('C:\\wamp64\\www\\K...')
#13 {main}
CRITICAL - 2024-02-09 11:18:24 --> CodeIgniter\Database\Exceptions\DatabaseException: Le champ 'email_address' ne peut être vide (null)
in SYSTEMPATH\Database\BaseConnection.php on line 647.
 1 SYSTEMPATH\Database\BaseBuilder.php(2307): CodeIgniter\Database\BaseConnection->query('INSERT INTO `users` (`email_address`, `password`, `first_name`, `last_name`, `phone_number`, `created_at`, `updated_at`) VALUES (:email_address:, :password:, :first_name:, :last_name:, :phone_number:, :created_at:, :updated_at:)', [...], false)
 2 SYSTEMPATH\Model.php(326): CodeIgniter\Database\BaseBuilder->insert()
 3 SYSTEMPATH\BaseModel.php(802): CodeIgniter\Model->doInsert([...])
 4 SYSTEMPATH\Model.php(744): CodeIgniter\BaseModel->insert([...], true)
 5 APPPATH\Controllers\user.php(64): CodeIgniter\Model->insert([...])
 6 SYSTEMPATH\CodeIgniter.php(941): App\Controllers\User->registration()
 7 SYSTEMPATH\CodeIgniter.php(502): CodeIgniter\CodeIgniter->runController(Object(App\Controllers\User))
 8 SYSTEMPATH\CodeIgniter.php(361): CodeIgniter\CodeIgniter->handleRequest(null, Object(Config\Cache), false)
 9 FCPATH\index.php(87): CodeIgniter\CodeIgniter->run()
10 SYSTEMPATH\Commands\Server\rewrite.php(47): require_once('C:\\wamp64\\www\\KosherKare\\public\\index.php')
CRITICAL - 2024-02-09 11:18:24 --> [Caused by] CodeIgniter\Database\Exceptions\DatabaseException: Le champ 'email_address' ne peut être vide (null)
in SYSTEMPATH\Database\MySQLi\Connection.php on line 311.
 1 SYSTEMPATH\Database\BaseConnection.php(693): CodeIgniter\Database\MySQLi\Connection->execute('INSERT INTO `users` (`email_address`, `password`, `first_name`, `last_name`, `phone_number`, `created_at`, `updated_at`) VALUES (NULL, \'$2y$10$UKkv1J/gRbgQ5NqiO7GjXOCJ6jzSSpALxHsgj2A/T5C/EIi4IYYty\', NULL, NULL, NULL, \'2024-02-09 11:18:24\', \'2024-02-09 11:18:24\')')
 2 SYSTEMPATH\Database\BaseConnection.php(607): CodeIgniter\Database\BaseConnection->simpleQuery('INSERT INTO `users` (`email_address`, `password`, `first_name`, `last_name`, `phone_number`, `created_at`, `updated_at`) VALUES (NULL, \'$2y$10$UKkv1J/gRbgQ5NqiO7GjXOCJ6jzSSpALxHsgj2A/T5C/EIi4IYYty\', NULL, NULL, NULL, \'2024-02-09 11:18:24\', \'2024-02-09 11:18:24\')')
 3 SYSTEMPATH\Database\BaseBuilder.php(2307): CodeIgniter\Database\BaseConnection->query('INSERT INTO `users` (`email_address`, `password`, `first_name`, `last_name`, `phone_number`, `created_at`, `updated_at`) VALUES (:email_address:, :password:, :first_name:, :last_name:, :phone_number:, :created_at:, :updated_at:)', [...], false)
 4 SYSTEMPATH\Model.php(326): CodeIgniter\Database\BaseBuilder->insert()
 5 SYSTEMPATH\BaseModel.php(802): CodeIgniter\Model->doInsert([...])
 6 SYSTEMPATH\Model.php(744): CodeIgniter\BaseModel->insert([...], true)
 7 APPPATH\Controllers\user.php(64): CodeIgniter\Model->insert([...])
 8 SYSTEMPATH\CodeIgniter.php(941): App\Controllers\User->registration()
 9 SYSTEMPATH\CodeIgniter.php(502): CodeIgniter\CodeIgniter->runController(Object(App\Controllers\User))
10 SYSTEMPATH\CodeIgniter.php(361): CodeIgniter\CodeIgniter->handleRequest(null, Object(Config\Cache), false)
11 FCPATH\index.php(87): CodeIgniter\CodeIgniter->run()
12 SYSTEMPATH\Commands\Server\rewrite.php(47): require_once('C:\\wamp64\\www\\KosherKare\\public\\index.php')
CRITICAL - 2024-02-09 11:18:24 --> [Caused by] mysqli_sql_exception: Le champ 'email_address' ne peut être vide (null)
in SYSTEMPATH\Database\MySQLi\Connection.php on line 306.
 1 SYSTEMPATH\Database\MySQLi\Connection.php(306): mysqli->query('INSERT INTO `users` (`email_address`, `password`, `first_name`, `last_name`, `phone_number`, `created_at`, `updated_at`) VALUES (NULL, \'$2y$10$UKkv1J/gRbgQ5NqiO7GjXOCJ6jzSSpALxHsgj2A/T5C/EIi4IYYty\', NULL, NULL, NULL, \'2024-02-09 11:18:24\', \'2024-02-09 11:18:24\')', 0)
 2 SYSTEMPATH\Database\BaseConnection.php(693): CodeIgniter\Database\MySQLi\Connection->execute('INSERT INTO `users` (`email_address`, `password`, `first_name`, `last_name`, `phone_number`, `created_at`, `updated_at`) VALUES (NULL, \'$2y$10$UKkv1J/gRbgQ5NqiO7GjXOCJ6jzSSpALxHsgj2A/T5C/EIi4IYYty\', NULL, NULL, NULL, \'2024-02-09 11:18:24\', \'2024-02-09 11:18:24\')')
 3 SYSTEMPATH\Database\BaseConnection.php(607): CodeIgniter\Database\BaseConnection->simpleQuery('INSERT INTO `users` (`email_address`, `password`, `first_name`, `last_name`, `phone_number`, `created_at`, `updated_at`) VALUES (NULL, \'$2y$10$UKkv1J/gRbgQ5NqiO7GjXOCJ6jzSSpALxHsgj2A/T5C/EIi4IYYty\', NULL, NULL, NULL, \'2024-02-09 11:18:24\', \'2024-02-09 11:18:24\')')
 4 SYSTEMPATH\Database\BaseBuilder.php(2307): CodeIgniter\Database\BaseConnection->query('INSERT INTO `users` (`email_address`, `password`, `first_name`, `last_name`, `phone_number`, `created_at`, `updated_at`) VALUES (:email_address:, :password:, :first_name:, :last_name:, :phone_number:, :created_at:, :updated_at:)', [...], false)
 5 SYSTEMPATH\Model.php(326): CodeIgniter\Database\BaseBuilder->insert()
 6 SYSTEMPATH\BaseModel.php(802): CodeIgniter\Model->doInsert([...])
 7 SYSTEMPATH\Model.php(744): CodeIgniter\BaseModel->insert([...], true)
 8 APPPATH\Controllers\user.php(64): CodeIgniter\Model->insert([...])
 9 SYSTEMPATH\CodeIgniter.php(941): App\Controllers\User->registration()
10 SYSTEMPATH\CodeIgniter.php(502): CodeIgniter\CodeIgniter->runController(Object(App\Controllers\User))
11 SYSTEMPATH\CodeIgniter.php(361): CodeIgniter\CodeIgniter->handleRequest(null, Object(Config\Cache), false)
12 FCPATH\index.php(87): CodeIgniter\CodeIgniter->run()
13 SYSTEMPATH\Commands\Server\rewrite.php(47): require_once('C:\\wamp64\\www\\KosherKare\\public\\index.php')
ERROR - 2024-02-09 11:18:39 --> mysqli_sql_exception: Le champ 'email_address' ne peut être vide (null) in C:\wamp64\www\KosherKare\system\Database\MySQLi\Connection.php:306
Stack trace:
#0 C:\wamp64\www\KosherKare\system\Database\MySQLi\Connection.php(306): mysqli->query('INSERT INTO `us...', 0)
#1 C:\wamp64\www\KosherKare\system\Database\BaseConnection.php(693): CodeIgniter\Database\MySQLi\Connection->execute('INSERT INTO `us...')
#2 C:\wamp64\www\KosherKare\system\Database\BaseConnection.php(607): CodeIgniter\Database\BaseConnection->simpleQuery('INSERT INTO `us...')
#3 C:\wamp64\www\KosherKare\system\Database\BaseBuilder.php(2307): CodeIgniter\Database\BaseConnection->query('INSERT INTO `us...', Array, false)
#4 C:\wamp64\www\KosherKare\system\Model.php(326): CodeIgniter\Database\BaseBuilder->insert()
#5 C:\wamp64\www\KosherKare\system\BaseModel.php(802): CodeIgniter\Model->doInsert(Array)
#6 C:\wamp64\www\KosherKare\system\Model.php(744): CodeIgniter\BaseModel->insert(Array, true)
#7 C:\wamp64\www\KosherKare\app\Controllers\user.php(64): CodeIgniter\Model->insert(Array)
#8 C:\wamp64\www\KosherKare\system\CodeIgniter.php(941): App\Controllers\User->registration()
#9 C:\wamp64\www\KosherKare\system\CodeIgniter.php(502): CodeIgniter\CodeIgniter->runController(Object(App\Controllers\User))
#10 C:\wamp64\www\KosherKare\system\CodeIgniter.php(361): CodeIgniter\CodeIgniter->handleRequest(NULL, Object(Config\Cache), false)
#11 C:\wamp64\www\KosherKare\public\index.php(87): CodeIgniter\CodeIgniter->run()
#12 C:\wamp64\www\KosherKare\system\Commands\Server\rewrite.php(47): require_once('C:\\wamp64\\www\\K...')
#13 {main}
CRITICAL - 2024-02-09 11:18:39 --> CodeIgniter\Database\Exceptions\DatabaseException: Le champ 'email_address' ne peut être vide (null)
in SYSTEMPATH\Database\BaseConnection.php on line 647.
 1 SYSTEMPATH\Database\BaseBuilder.php(2307): CodeIgniter\Database\BaseConnection->query('INSERT INTO `users` (`email_address`, `password`, `first_name`, `last_name`, `phone_number`, `created_at`, `updated_at`) VALUES (:email_address:, :password:, :first_name:, :last_name:, :phone_number:, :created_at:, :updated_at:)', [...], false)
 2 SYSTEMPATH\Model.php(326): CodeIgniter\Database\BaseBuilder->insert()
 3 SYSTEMPATH\BaseModel.php(802): CodeIgniter\Model->doInsert([...])
 4 SYSTEMPATH\Model.php(744): CodeIgniter\BaseModel->insert([...], true)
 5 APPPATH\Controllers\user.php(64): CodeIgniter\Model->insert([...])
 6 SYSTEMPATH\CodeIgniter.php(941): App\Controllers\User->registration()
 7 SYSTEMPATH\CodeIgniter.php(502): CodeIgniter\CodeIgniter->runController(Object(App\Controllers\User))
 8 SYSTEMPATH\CodeIgniter.php(361): CodeIgniter\CodeIgniter->handleRequest(null, Object(Config\Cache), false)
 9 FCPATH\index.php(87): CodeIgniter\CodeIgniter->run()
10 SYSTEMPATH\Commands\Server\rewrite.php(47): require_once('C:\\wamp64\\www\\KosherKare\\public\\index.php')
CRITICAL - 2024-02-09 11:18:39 --> [Caused by] CodeIgniter\Database\Exceptions\DatabaseException: Le champ 'email_address' ne peut être vide (null)
in SYSTEMPATH\Database\MySQLi\Connection.php on line 311.
 1 SYSTEMPATH\Database\BaseConnection.php(693): CodeIgniter\Database\MySQLi\Connection->execute('INSERT INTO `users` (`email_address`, `password`, `first_name`, `last_name`, `phone_number`, `created_at`, `updated_at`) VALUES (NULL, \'$2y$10$jNGisAJJbfLzeHCnFj2yAOOaz6YSntatZjBPCvefaBWQg36vgYrii\', NULL, NULL, NULL, \'2024-02-09 11:18:39\', \'2024-02-09 11:18:39\')')
 2 SYSTEMPATH\Database\BaseConnection.php(607): CodeIgniter\Database\BaseConnection->simpleQuery('INSERT INTO `users` (`email_address`, `password`, `first_name`, `last_name`, `phone_number`, `created_at`, `updated_at`) VALUES (NULL, \'$2y$10$jNGisAJJbfLzeHCnFj2yAOOaz6YSntatZjBPCvefaBWQg36vgYrii\', NULL, NULL, NULL, \'2024-02-09 11:18:39\', \'2024-02-09 11:18:39\')')
 3 SYSTEMPATH\Database\BaseBuilder.php(2307): CodeIgniter\Database\BaseConnection->query('INSERT INTO `users` (`email_address`, `password`, `first_name`, `last_name`, `phone_number`, `created_at`, `updated_at`) VALUES (:email_address:, :password:, :first_name:, :last_name:, :phone_number:, :created_at:, :updated_at:)', [...], false)
 4 SYSTEMPATH\Model.php(326): CodeIgniter\Database\BaseBuilder->insert()
 5 SYSTEMPATH\BaseModel.php(802): CodeIgniter\Model->doInsert([...])
 6 SYSTEMPATH\Model.php(744): CodeIgniter\BaseModel->insert([...], true)
 7 APPPATH\Controllers\user.php(64): CodeIgniter\Model->insert([...])
 8 SYSTEMPATH\CodeIgniter.php(941): App\Controllers\User->registration()
 9 SYSTEMPATH\CodeIgniter.php(502): CodeIgniter\CodeIgniter->runController(Object(App\Controllers\User))
10 SYSTEMPATH\CodeIgniter.php(361): CodeIgniter\CodeIgniter->handleRequest(null, Object(Config\Cache), false)
11 FCPATH\index.php(87): CodeIgniter\CodeIgniter->run()
12 SYSTEMPATH\Commands\Server\rewrite.php(47): require_once('C:\\wamp64\\www\\KosherKare\\public\\index.php')
CRITICAL - 2024-02-09 11:18:39 --> [Caused by] mysqli_sql_exception: Le champ 'email_address' ne peut être vide (null)
in SYSTEMPATH\Database\MySQLi\Connection.php on line 306.
 1 SYSTEMPATH\Database\MySQLi\Connection.php(306): mysqli->query('INSERT INTO `users` (`email_address`, `password`, `first_name`, `last_name`, `phone_number`, `created_at`, `updated_at`) VALUES (NULL, \'$2y$10$jNGisAJJbfLzeHCnFj2yAOOaz6YSntatZjBPCvefaBWQg36vgYrii\', NULL, NULL, NULL, \'2024-02-09 11:18:39\', \'2024-02-09 11:18:39\')', 0)
 2 SYSTEMPATH\Database\BaseConnection.php(693): CodeIgniter\Database\MySQLi\Connection->execute('INSERT INTO `users` (`email_address`, `password`, `first_name`, `last_name`, `phone_number`, `created_at`, `updated_at`) VALUES (NULL, \'$2y$10$jNGisAJJbfLzeHCnFj2yAOOaz6YSntatZjBPCvefaBWQg36vgYrii\', NULL, NULL, NULL, \'2024-02-09 11:18:39\', \'2024-02-09 11:18:39\')')
 3 SYSTEMPATH\Database\BaseConnection.php(607): CodeIgniter\Database\BaseConnection->simpleQuery('INSERT INTO `users` (`email_address`, `password`, `first_name`, `last_name`, `phone_number`, `created_at`, `updated_at`) VALUES (NULL, \'$2y$10$jNGisAJJbfLzeHCnFj2yAOOaz6YSntatZjBPCvefaBWQg36vgYrii\', NULL, NULL, NULL, \'2024-02-09 11:18:39\', \'2024-02-09 11:18:39\')')
 4 SYSTEMPATH\Database\BaseBuilder.php(2307): CodeIgniter\Database\BaseConnection->query('INSERT INTO `users` (`email_address`, `password`, `first_name`, `last_name`, `phone_number`, `created_at`, `updated_at`) VALUES (:email_address:, :password:, :first_name:, :last_name:, :phone_number:, :created_at:, :updated_at:)', [...], false)
 5 SYSTEMPATH\Model.php(326): CodeIgniter\Database\BaseBuilder->insert()
 6 SYSTEMPATH\BaseModel.php(802): CodeIgniter\Model->doInsert([...])
 7 SYSTEMPATH\Model.php(744): CodeIgniter\BaseModel->insert([...], true)
 8 APPPATH\Controllers\user.php(64): CodeIgniter\Model->insert([...])
 9 SYSTEMPATH\CodeIgniter.php(941): App\Controllers\User->registration()
10 SYSTEMPATH\CodeIgniter.php(502): CodeIgniter\CodeIgniter->runController(Object(App\Controllers\User))
11 SYSTEMPATH\CodeIgniter.php(361): CodeIgniter\CodeIgniter->handleRequest(null, Object(Config\Cache), false)
12 FCPATH\index.php(87): CodeIgniter\CodeIgniter->run()
13 SYSTEMPATH\Commands\Server\rewrite.php(47): require_once('C:\\wamp64\\www\\KosherKare\\public\\index.php')
ERROR - 2024-02-09 11:20:22 --> mysqli_sql_exception: Le champ 'first_name' ne peut être vide (null) in C:\wamp64\www\KosherKare\system\Database\MySQLi\Connection.php:306
Stack trace:
#0 C:\wamp64\www\KosherKare\system\Database\MySQLi\Connection.php(306): mysqli->query('INSERT INTO `us...', 0)
#1 C:\wamp64\www\KosherKare\system\Database\BaseConnection.php(693): CodeIgniter\Database\MySQLi\Connection->execute('INSERT INTO `us...')
#2 C:\wamp64\www\KosherKare\system\Database\BaseConnection.php(607): CodeIgniter\Database\BaseConnection->simpleQuery('INSERT INTO `us...')
#3 C:\wamp64\www\KosherKare\system\Database\BaseBuilder.php(2307): CodeIgniter\Database\BaseConnection->query('INSERT INTO `us...', Array, false)
#4 C:\wamp64\www\KosherKare\system\Model.php(326): CodeIgniter\Database\BaseBuilder->insert()
#5 C:\wamp64\www\KosherKare\system\BaseModel.php(802): CodeIgniter\Model->doInsert(Array)
#6 C:\wamp64\www\KosherKare\system\Model.php(744): CodeIgniter\BaseModel->insert(Array, true)
#7 C:\wamp64\www\KosherKare\app\Controllers\user.php(64): CodeIgniter\Model->insert(Array)
#8 C:\wamp64\www\KosherKare\system\CodeIgniter.php(941): App\Controllers\User->registration()
#9 C:\wamp64\www\KosherKare\system\CodeIgniter.php(502): CodeIgniter\CodeIgniter->runController(Object(App\Controllers\User))
#10 C:\wamp64\www\KosherKare\system\CodeIgniter.php(361): CodeIgniter\CodeIgniter->handleRequest(NULL, Object(Config\Cache), false)
#11 C:\wamp64\www\KosherKare\public\index.php(87): CodeIgniter\CodeIgniter->run()
#12 C:\wamp64\www\KosherKare\system\Commands\Server\rewrite.php(47): require_once('C:\\wamp64\\www\\K...')
#13 {main}
CRITICAL - 2024-02-09 11:20:22 --> CodeIgniter\Database\Exceptions\DatabaseException: Le champ 'first_name' ne peut être vide (null)
in SYSTEMPATH\Database\BaseConnection.php on line 647.
 1 SYSTEMPATH\Database\BaseBuilder.php(2307): CodeIgniter\Database\BaseConnection->query('INSERT INTO `users` (`email_address`, `password`, `first_name`, `last_name`, `phone_number`, `created_at`, `updated_at`) VALUES (:email_address:, :password:, :first_name:, :last_name:, :phone_number:, :created_at:, :updated_at:)', [...], false)
 2 SYSTEMPATH\Model.php(326): CodeIgniter\Database\BaseBuilder->insert()
 3 SYSTEMPATH\BaseModel.php(802): CodeIgniter\Model->doInsert([...])
 4 SYSTEMPATH\Model.php(744): CodeIgniter\BaseModel->insert([...], true)
 5 APPPATH\Controllers\user.php(64): CodeIgniter\Model->insert([...])
 6 SYSTEMPATH\CodeIgniter.php(941): App\Controllers\User->registration()
 7 SYSTEMPATH\CodeIgniter.php(502): CodeIgniter\CodeIgniter->runController(Object(App\Controllers\User))
 8 SYSTEMPATH\CodeIgniter.php(361): CodeIgniter\CodeIgniter->handleRequest(null, Object(Config\Cache), false)
 9 FCPATH\index.php(87): CodeIgniter\CodeIgniter->run()
10 SYSTEMPATH\Commands\Server\rewrite.php(47): require_once('C:\\wamp64\\www\\KosherKare\\public\\index.php')
CRITICAL - 2024-02-09 11:20:22 --> [Caused by] CodeIgniter\Database\Exceptions\DatabaseException: Le champ 'first_name' ne peut être vide (null)
in SYSTEMPATH\Database\MySQLi\Connection.php on line 311.
 1 SYSTEMPATH\Database\BaseConnection.php(693): CodeIgniter\Database\MySQLi\Connection->execute('INSERT INTO `users` (`email_address`, `password`, `first_name`, `last_name`, `phone_number`, `created_at`, `updated_at`) VALUES (\'1234@gmail.com\', \'$2y$10$dhFgsVFGaT2w7x/JAxpUGe88rS7EKF2BmLnXOW36KmH33KcVvMmDW\', NULL, NULL, NULL, \'2024-02-09 11:20:22\', \'2024-02-09 11:20:22\')')
 2 SYSTEMPATH\Database\BaseConnection.php(607): CodeIgniter\Database\BaseConnection->simpleQuery('INSERT INTO `users` (`email_address`, `password`, `first_name`, `last_name`, `phone_number`, `created_at`, `updated_at`) VALUES (\'1234@gmail.com\', \'$2y$10$dhFgsVFGaT2w7x/JAxpUGe88rS7EKF2BmLnXOW36KmH33KcVvMmDW\', NULL, NULL, NULL, \'2024-02-09 11:20:22\', \'2024-02-09 11:20:22\')')
 3 SYSTEMPATH\Database\BaseBuilder.php(2307): CodeIgniter\Database\BaseConnection->query('INSERT INTO `users` (`email_address`, `password`, `first_name`, `last_name`, `phone_number`, `created_at`, `updated_at`) VALUES (:email_address:, :password:, :first_name:, :last_name:, :phone_number:, :created_at:, :updated_at:)', [...], false)
 4 SYSTEMPATH\Model.php(326): CodeIgniter\Database\BaseBuilder->insert()
 5 SYSTEMPATH\BaseModel.php(802): CodeIgniter\Model->doInsert([...])
 6 SYSTEMPATH\Model.php(744): CodeIgniter\BaseModel->insert([...], true)
 7 APPPATH\Controllers\user.php(64): CodeIgniter\Model->insert([...])
 8 SYSTEMPATH\CodeIgniter.php(941): App\Controllers\User->registration()
 9 SYSTEMPATH\CodeIgniter.php(502): CodeIgniter\CodeIgniter->runController(Object(App\Controllers\User))
10 SYSTEMPATH\CodeIgniter.php(361): CodeIgniter\CodeIgniter->handleRequest(null, Object(Config\Cache), false)
11 FCPATH\index.php(87): CodeIgniter\CodeIgniter->run()
12 SYSTEMPATH\Commands\Server\rewrite.php(47): require_once('C:\\wamp64\\www\\KosherKare\\public\\index.php')
CRITICAL - 2024-02-09 11:20:22 --> [Caused by] mysqli_sql_exception: Le champ 'first_name' ne peut être vide (null)
in SYSTEMPATH\Database\MySQLi\Connection.php on line 306.
 1 SYSTEMPATH\Database\MySQLi\Connection.php(306): mysqli->query('INSERT INTO `users` (`email_address`, `password`, `first_name`, `last_name`, `phone_number`, `created_at`, `updated_at`) VALUES (\'1234@gmail.com\', \'$2y$10$dhFgsVFGaT2w7x/JAxpUGe88rS7EKF2BmLnXOW36KmH33KcVvMmDW\', NULL, NULL, NULL, \'2024-02-09 11:20:22\', \'2024-02-09 11:20:22\')', 0)
 2 SYSTEMPATH\Database\BaseConnection.php(693): CodeIgniter\Database\MySQLi\Connection->execute('INSERT INTO `users` (`email_address`, `password`, `first_name`, `last_name`, `phone_number`, `created_at`, `updated_at`) VALUES (\'1234@gmail.com\', \'$2y$10$dhFgsVFGaT2w7x/JAxpUGe88rS7EKF2BmLnXOW36KmH33KcVvMmDW\', NULL, NULL, NULL, \'2024-02-09 11:20:22\', \'2024-02-09 11:20:22\')')
 3 SYSTEMPATH\Database\BaseConnection.php(607): CodeIgniter\Database\BaseConnection->simpleQuery('INSERT INTO `users` (`email_address`, `password`, `first_name`, `last_name`, `phone_number`, `created_at`, `updated_at`) VALUES (\'1234@gmail.com\', \'$2y$10$dhFgsVFGaT2w7x/JAxpUGe88rS7EKF2BmLnXOW36KmH33KcVvMmDW\', NULL, NULL, NULL, \'2024-02-09 11:20:22\', \'2024-02-09 11:20:22\')')
 4 SYSTEMPATH\Database\BaseBuilder.php(2307): CodeIgniter\Database\BaseConnection->query('INSERT INTO `users` (`email_address`, `password`, `first_name`, `last_name`, `phone_number`, `created_at`, `updated_at`) VALUES (:email_address:, :password:, :first_name:, :last_name:, :phone_number:, :created_at:, :updated_at:)', [...], false)
 5 SYSTEMPATH\Model.php(326): CodeIgniter\Database\BaseBuilder->insert()
 6 SYSTEMPATH\BaseModel.php(802): CodeIgniter\Model->doInsert([...])
 7 SYSTEMPATH\Model.php(744): CodeIgniter\BaseModel->insert([...], true)
 8 APPPATH\Controllers\user.php(64): CodeIgniter\Model->insert([...])
 9 SYSTEMPATH\CodeIgniter.php(941): App\Controllers\User->registration()
10 SYSTEMPATH\CodeIgniter.php(502): CodeIgniter\CodeIgniter->runController(Object(App\Controllers\User))
11 SYSTEMPATH\CodeIgniter.php(361): CodeIgniter\CodeIgniter->handleRequest(null, Object(Config\Cache), false)
12 FCPATH\index.php(87): CodeIgniter\CodeIgniter->run()
13 SYSTEMPATH\Commands\Server\rewrite.php(47): require_once('C:\\wamp64\\www\\KosherKare\\public\\index.php')
