CRITICAL - 2024-02-20 10:50:57 --> ErrorException: Undefined array key "email"
in APPPATH\Controllers\user.php on line 31.
 1 APPPATH\Controllers\user.php(31): CodeIgniter\Debug\Exceptions->errorHandler(2, 'Undefined array key "email"', 'C:\\wamp64\\www\\KosherKare\\app\\Controllers\\user.php', 31)
 2 SYSTEMPATH\CodeIgniter.php(941): App\Controllers\User->connection()
 3 SYSTEMPATH\CodeIgniter.php(502): CodeIgniter\CodeIgniter->runController(Object(App\Controllers\User))
 4 SYSTEMPATH\CodeIgniter.php(361): CodeIgniter\CodeIgniter->handleRequest(null, Object(Config\Cache), false)
 5 FCPATH\index.php(87): CodeIgniter\CodeIgniter->run()
 6 SYSTEMPATH\Commands\Server\rewrite.php(47): require_once('C:\\wamp64\\www\\KosherKare\\public\\index.php')
CRITICAL - 2024-02-20 10:58:12 --> ErrorException: Undefined array key "email"
in APPPATH\Controllers\user.php on line 31.
 1 APPPATH\Controllers\user.php(31): CodeIgniter\Debug\Exceptions->errorHandler(2, 'Undefined array key "email"', 'C:\\wamp64\\www\\KosherKare\\app\\Controllers\\user.php', 31)
 2 SYSTEMPATH\CodeIgniter.php(941): App\Controllers\User->connection()
 3 SYSTEMPATH\CodeIgniter.php(502): CodeIgniter\CodeIgniter->runController(Object(App\Controllers\User))
 4 SYSTEMPATH\CodeIgniter.php(361): CodeIgniter\CodeIgniter->handleRequest(null, Object(Config\Cache), false)
 5 FCPATH\index.php(87): CodeIgniter\CodeIgniter->run()
 6 SYSTEMPATH\Commands\Server\rewrite.php(47): require_once('C:\\wamp64\\www\\KosherKare\\public\\index.php')
CRITICAL - 2024-02-20 10:58:36 --> ErrorException: Undefined array key "email"
in APPPATH\Controllers\user.php on line 31.
 1 APPPATH\Controllers\user.php(31): CodeIgniter\Debug\Exceptions->errorHandler(2, 'Undefined array key "email"', 'C:\\wamp64\\www\\KosherKare\\app\\Controllers\\user.php', 31)
 2 SYSTEMPATH\CodeIgniter.php(941): App\Controllers\User->connection()
 3 SYSTEMPATH\CodeIgniter.php(502): CodeIgniter\CodeIgniter->runController(Object(App\Controllers\User))
 4 SYSTEMPATH\CodeIgniter.php(361): CodeIgniter\CodeIgniter->handleRequest(null, Object(Config\Cache), false)
 5 FCPATH\index.php(87): CodeIgniter\CodeIgniter->run()
 6 SYSTEMPATH\Commands\Server\rewrite.php(47): require_once('C:\\wamp64\\www\\KosherKare\\public\\index.php')
CRITICAL - 2024-02-20 10:58:40 --> ErrorException: Undefined array key "email"
in APPPATH\Controllers\user.php on line 31.
 1 APPPATH\Controllers\user.php(31): CodeIgniter\Debug\Exceptions->errorHandler(2, 'Undefined array key "email"', 'C:\\wamp64\\www\\KosherKare\\app\\Controllers\\user.php', 31)
 2 SYSTEMPATH\CodeIgniter.php(941): App\Controllers\User->connection()
 3 SYSTEMPATH\CodeIgniter.php(502): CodeIgniter\CodeIgniter->runController(Object(App\Controllers\User))
 4 SYSTEMPATH\CodeIgniter.php(361): CodeIgniter\CodeIgniter->handleRequest(null, Object(Config\Cache), false)
 5 FCPATH\index.php(87): CodeIgniter\CodeIgniter->run()
 6 SYSTEMPATH\Commands\Server\rewrite.php(47): require_once('C:\\wamp64\\www\\KosherKare\\public\\index.php')
CRITICAL - 2024-02-20 11:06:57 --> ErrorException: Undefined array key "email"
in APPPATH\Controllers\user.php on line 32.
 1 APPPATH\Controllers\user.php(32): CodeIgniter\Debug\Exceptions->errorHandler(2, 'Undefined array key "email"', 'C:\\wamp64\\www\\KosherKare\\app\\Controllers\\user.php', 32)
 2 SYSTEMPATH\CodeIgniter.php(941): App\Controllers\User->connection()
 3 SYSTEMPATH\CodeIgniter.php(502): CodeIgniter\CodeIgniter->runController(Object(App\Controllers\User))
 4 SYSTEMPATH\CodeIgniter.php(361): CodeIgniter\CodeIgniter->handleRequest(null, Object(Config\Cache), false)
 5 FCPATH\index.php(87): CodeIgniter\CodeIgniter->run()
 6 SYSTEMPATH\Commands\Server\rewrite.php(47): require_once('C:\\wamp64\\www\\KosherKare\\public\\index.php')
CRITICAL - 2024-02-20 11:08:36 --> InvalidArgumentException: key must be a string when using hmac
in VENDORPATH\firebase\php-jwt\src\JWT.php on line 233.
 1 VENDORPATH\firebase\php-jwt\src\JWT.php(203): Firebase\JWT\JWT::sign('eyJ0eXAiOiJKV1QiLCJhbGciOiJIUzI1NiJ9.eyJpc3MiOiJJc3N1ZXIgb2YgdGhlIEpXVCIsImF1ZCI6IkF1ZGllbmNlIHRoYXQgdGhlIEpXVCIsInN1YiI6IlN1YmplY3Qgb2YgdGhlIEpXVCIsImlhdCI6MTcwODQyNzMxNiwiZXhwIjoxNzA4NDMwOTE2LCJlbWFpbCI6IjEyM0BnbWFpbC5jb20ifQ', false, 'HS256')
 2 APPPATH\Controllers\user.php(35): Firebase\JWT\JWT::encode([...], false, 'HS256')
 3 SYSTEMPATH\CodeIgniter.php(941): App\Controllers\User->connection()
 4 SYSTEMPATH\CodeIgniter.php(502): CodeIgniter\CodeIgniter->runController(Object(App\Controllers\User))
 5 SYSTEMPATH\CodeIgniter.php(361): CodeIgniter\CodeIgniter->handleRequest(null, Object(Config\Cache), false)
 6 FCPATH\index.php(87): CodeIgniter\CodeIgniter->run()
 7 SYSTEMPATH\Commands\Server\rewrite.php(47): require_once('C:\\wamp64\\www\\KosherKare\\public\\index.php')
